#
# There is insufficient memory for the Java Runtime Environment to continue.
# Native memory allocation (malloc) failed to allocate 818256 bytes for Chunk::new
# Possible reasons:
#   The system is out of physical RAM or swap space
#   In 32 bit mode, the process size limit was hit
# Possible solutions:
#   Reduce memory load on the system
#   Increase physical memory or swap space
#   Check if swap backing store is full
#   Use 64 bit Java on a 64 bit OS
#   Decrease Java heap size (-Xmx/-Xms)
#   Decrease number of Java threads
#   Decrease Java thread stack sizes (-Xss)
#   Set larger code cache with -XX:ReservedCodeCacheSize=
# This output file may be truncated or incomplete.
#
#  Out of Memory Error (allocation.cpp:390), pid=8084, tid=0x0000000000001c78
#
# JRE version: OpenJDK Runtime Environment (8.0_152-b02) (build 1.8.0_152-release-1024-b02)
# Java VM: OpenJDK 64-Bit Server VM (25.152-b02 mixed mode windows-amd64 compressed oops)
# Failed to write core dump. Minidumps are not enabled by default on client versions of Windows
#

---------------  T H R E A D  ---------------

Current thread (0x000000001667a800):  JavaThread "C2 CompilerThread0" daemon [_thread_in_native, id=7288, stack(0x0000000017cd0000,0x0000000017dd0000)]

Stack: [0x0000000017cd0000,0x0000000017dd0000]
[error occurred during error reporting (printing stack bounds), id 0xc0000005]

Native frames: (J=compiled Java code, j=interpreted, Vv=VM code, C=native code)


Current CompileTask:
C2:  59727 3609       4       org.gradle.model.internal.type.ModelType::wrap (219 bytes)


---------------  P R O C E S S  ---------------

Java Threads: ( => current thread )
  0x000000001c1fa800 JavaThread "Memory manager" [_thread_blocked, id=1420, stack(0x000000001ff40000,0x0000000020040000)]
  0x000000001c1fa000 JavaThread "pool-1-thread-1" [_thread_blocked, id=4892, stack(0x000000001fc40000,0x000000001fd40000)]
  0x000000001c1fd800 JavaThread "build operations Thread 4" [_thread_blocked, id=1264, stack(0x000000001f540000,0x000000001f640000)]
  0x000000001c1fe800 JavaThread "build operations Thread 3" [_thread_blocked, id=1848, stack(0x000000001f440000,0x000000001f540000)]
  0x000000001c1fd000 JavaThread "build operations Thread 2" [_thread_blocked, id=1812, stack(0x000000001f340000,0x000000001f440000)]
  0x000000001c1fb800 JavaThread "build operations" [_thread_blocked, id=8900, stack(0x000000001f140000,0x000000001f240000)]
  0x000000001c1f8800 JavaThread "Cache worker for Artifact transforms cache (C:\Users\lenovo\.gradle\caches\transforms-1)" [_thread_blocked, id=11528, stack(0x000000001dd90000,0x000000001de90000)]
  0x00000000180b0000 JavaThread "Cache worker for file hash cache (C:\Users\lenovo\AndroidStudioProjects\FireStor_demo\.gradle\4.4\fileHashes)" [_thread_blocked, id=3700, stack(0x000000001d690000,0x000000001d790000)]
  0x000000001975e000 JavaThread "File lock request listener" [_thread_in_native, id=7280, stack(0x000000001c0f0000,0x000000001c1f0000)]
  0x0000000018ecf800 JavaThread "Cache worker for file hash cache (C:\Users\lenovo\.gradle\caches\4.4\fileHashes)" [_thread_blocked, id=10244, stack(0x000000001bff0000,0x000000001c0f0000)]
  0x0000000018ab4800 JavaThread "Stdin handler" [_thread_blocked, id=8592, stack(0x000000001ad20000,0x000000001ae20000)]
  0x0000000018aae800 JavaThread "Asynchronous log dispatcher for DefaultDaemonConnection: socket connection from /127.0.0.1:53803 to /127.0.0.1:53804" [_thread_blocked, id=1016, stack(0x000000001ac20000,0x000000001ad20000)]
  0x0000000018aab800 JavaThread "Daemon worker" [_thread_in_native, id=11932, stack(0x000000001ab20000,0x000000001ac20000)]
  0x0000000018aa8000 JavaThread "Cancel handler" [_thread_blocked, id=8660, stack(0x000000001aa20000,0x000000001ab20000)]
  0x000000001817d800 JavaThread "Handler for socket connection from /127.0.0.1:53803 to /127.0.0.1:53804" [_thread_in_native, id=4344, stack(0x000000001a720000,0x000000001a820000)]
  0x0000000018184000 JavaThread "Daemon" [_thread_blocked, id=9448, stack(0x000000001a620000,0x000000001a720000)]
  0x00000000196d8800 JavaThread "Daemon periodic checks" [_thread_blocked, id=12092, stack(0x000000001a520000,0x000000001a620000)]
  0x00000000196d4800 JavaThread "Incoming local TCP Connector on port 53803" [_thread_in_native, id=10232, stack(0x000000001a2e0000,0x000000001a3e0000)]
  0x00000000166ce800 JavaThread "Service Thread" daemon [_thread_blocked, id=6440, stack(0x00000000183d0000,0x00000000184d0000)]
  0x000000001669c000 JavaThread "C1 CompilerThread2" daemon [_thread_in_vm, id=8400, stack(0x0000000017ed0000,0x0000000017fd0000)]
  0x000000001666e800 JavaThread "C2 CompilerThread1" daemon [_thread_in_native, id=10652, stack(0x0000000017dd0000,0x0000000017ed0000)]
=>0x000000001667a800 JavaThread "C2 CompilerThread0" daemon [_thread_in_native, id=7288, stack(0x0000000017cd0000,0x0000000017dd0000)]
  0x0000000016679000 JavaThread "Attach Listener" daemon [_thread_blocked, id=4608, stack(0x0000000017bd0000,0x0000000017cd0000)]
  0x0000000016676000 JavaThread "Signal Dispatcher" daemon [_thread_blocked, id=5680, stack(0x0000000017ad0000,0x0000000017bd0000)]
  0x0000000002cf8000 JavaThread "Finalizer" daemon [_thread_blocked, id=8104, stack(0x00000000178e0000,0x00000000179e0000)]
  0x0000000002cf2000 JavaThread "Reference Handler" daemon [_thread_blocked, id=4140, stack(0x00000000177e0000,0x00000000178e0000)]
  0x00000000029ae000 JavaThread "main" [_thread_blocked, id=8144, stack(0x0000000002b00000,0x0000000002c00000)]

Other Threads:
  0x0000000016636800 VMThread [stack: 0x00000000176e0000,0x00000000177e0000] [id=7872]
  0x0000000017ffa000 WatcherThread [stack: 0x00000000184d0000,0x00000000185d0000] [id=8812]

VM state:not at safepoint (normal execution)

VM Mutex/Monitor currently owned by a thread: None

Heap:
 PSYoungGen      total 130560K, used 49207K [0x00000000e0000000, 0x00000000e8e00000, 0x0000000100000000)
  eden space 118784K, 41% used [0x00000000e0000000,0x00000000e300df28,0x00000000e7400000)
  from space 11776K, 0% used [0x00000000e8280000,0x00000000e8280000,0x00000000e8e00000)
  to   space 10752K, 0% used [0x00000000e7800000,0x00000000e7800000,0x00000000e8280000)
 ParOldGen       total 55296K, used 13593K [0x00000000a0000000, 0x00000000a3600000, 0x00000000e0000000)
  object space 55296K, 24% used [0x00000000a0000000,0x00000000a0d46540,0x00000000a3600000)
 Metaspace       used 36686K, capacity 37388K, committed 37464K, reserved 1081344K
  class space    used 5023K, capacity 5238K, committed 5248K, reserved 1048576K

Card table byte_map: [0x00000000120c0000,0x00000000123d0000] byte_map_base: 0x0000000011bc0000

Marking Bits: (ParMarkBitMap*) 0x000000006f344970
 Begin Bits: [0x00000000129d0000, 0x00000000141d0000)
 End Bits:   [0x00000000141d0000, 0x00000000159d0000)

Polling page: 0x0000000001190000

CodeCache: size=245760Kb used=11579Kb max_used=11588Kb free=234180Kb
 bounds [0x0000000002d00000, 0x0000000003860000, 0x0000000011d00000]
 total_blobs=4067 nmethods=3363 adapters=616
 compilation: enabled

Compilation events (10 events):
Event: 59.304 Thread 0x000000001669c000 nmethod 3622 0x00000000038322d0 code [0x0000000003832440, 0x0000000003832668]
Event: 59.305 Thread 0x000000001669c000 3623       3       java.lang.String::format (16 bytes)
Event: 59.306 Thread 0x000000001666e800 nmethod 3620 0x0000000003845990 code [0x0000000003845ae0, 0x0000000003845e18]
Event: 59.306 Thread 0x000000001666e800 3621       4       com.google.common.collect.ImmutableMap$Builder::put (35 bytes)
Event: 59.306 Thread 0x000000001669c000 nmethod 3623 0x0000000003844510 code [0x0000000003844740, 0x00000000038452f8]
Event: 59.306 Thread 0x000000001669c000 3624       3       java.util.Formatter::<init> (18 bytes)
Event: 59.307 Thread 0x000000001669c000 nmethod 3624 0x0000000003843910 code [0x0000000003843ae0, 0x0000000003844188]
Event: 59.307 Thread 0x000000001669c000 3625       3       java.util.Formatter::format (11 bytes)
Event: 59.307 Thread 0x000000001669c000 nmethod 3625 0x00000000038434d0 code [0x0000000003843640, 0x0000000003843868]
Event: 59.312 Thread 0x000000001666e800 nmethod 3621 0x0000000003842c10 code [0x0000000003842d80, 0x0000000003843128]

GC Heap History (10 events):
Event: 14.585 GC heap before
{Heap before GC invocations=6 (full 1):
 PSYoungGen      total 66048K, used 2544K [0x00000000e0000000, 0x00000000e9000000, 0x0000000100000000)
  eden space 63488K, 0% used [0x00000000e0000000,0x00000000e0000000,0x00000000e3e00000)
  from space 2560K, 99% used [0x00000000e3e00000,0x00000000e407c030,0x00000000e4080000)
  to   space 10240K, 0% used [0x00000000e8600000,0x00000000e8600000,0x00000000e9000000)
 ParOldGen       total 42496K, used 13810K [0x00000000a0000000, 0x00000000a2980000, 0x00000000e0000000)
  object space 42496K, 32% used [0x00000000a0000000,0x00000000a0d7ca48,0x00000000a2980000)
 Metaspace       used 20807K, capacity 21184K, committed 21248K, reserved 1067008K
  class space    used 2902K, capacity 3038K, committed 3072K, reserved 1048576K
Event: 14.768 GC heap after
Heap after GC invocations=6 (full 1):
 PSYoungGen      total 66048K, used 0K [0x00000000e0000000, 0x00000000e9000000, 0x0000000100000000)
  eden space 63488K, 0% used [0x00000000e0000000,0x00000000e0000000,0x00000000e3e00000)
  from space 2560K, 0% used [0x00000000e3e00000,0x00000000e3e00000,0x00000000e4080000)
  to   space 10240K, 0% used [0x00000000e8600000,0x00000000e8600000,0x00000000e9000000)
 ParOldGen       total 46080K, used 13341K [0x00000000a0000000, 0x00000000a2d00000, 0x00000000e0000000)
  object space 46080K, 28% used [0x00000000a0000000,0x00000000a0d074e8,0x00000000a2d00000)
 Metaspace       used 20807K, capacity 21184K, committed 21248K, reserved 1067008K
  class space    used 2902K, capacity 3038K, committed 3072K, reserved 1048576K
}
Event: 21.839 GC heap before
{Heap before GC invocations=7 (full 1):
 PSYoungGen      total 66048K, used 63488K [0x00000000e0000000, 0x00000000e9000000, 0x0000000100000000)
  eden space 63488K, 100% used [0x00000000e0000000,0x00000000e3e00000,0x00000000e3e00000)
  from space 2560K, 0% used [0x00000000e3e00000,0x00000000e3e00000,0x00000000e4080000)
  to   space 10240K, 0% used [0x00000000e8600000,0x00000000e8600000,0x00000000e9000000)
 ParOldGen       total 46080K, used 13341K [0x00000000a0000000, 0x00000000a2d00000, 0x00000000e0000000)
  object space 46080K, 28% used [0x00000000a0000000,0x00000000a0d074e8,0x00000000a2d00000)
 Metaspace       used 26530K, capacity 27034K, committed 27136K, reserved 1073152K
  class space    used 3659K, capacity 3827K, committed 3840K, reserved 1048576K
Event: 21.851 GC heap after
Heap after GC invocations=7 (full 1):
 PSYoungGen      total 95744K, used 7142K [0x00000000e0000000, 0x00000000e8d00000, 0x0000000100000000)
  eden space 88576K, 0% used [0x00000000e0000000,0x00000000e0000000,0x00000000e5680000)
  from space 7168K, 99% used [0x00000000e8600000,0x00000000e8cf9998,0x00000000e8d00000)
  to   space 10752K, 0% used [0x00000000e7800000,0x00000000e7800000,0x00000000e8280000)
 ParOldGen       total 46080K, used 13349K [0x00000000a0000000, 0x00000000a2d00000, 0x00000000e0000000)
  object space 46080K, 28% used [0x00000000a0000000,0x00000000a0d094e8,0x00000000a2d00000)
 Metaspace       used 26530K, capacity 27034K, committed 27136K, reserved 1073152K
  class space    used 3659K, capacity 3827K, committed 3840K, reserved 1048576K
}
Event: 55.259 GC heap before
{Heap before GC invocations=8 (full 1):
 PSYoungGen      total 95744K, used 95718K [0x00000000e0000000, 0x00000000e8d00000, 0x0000000100000000)
  eden space 88576K, 100% used [0x00000000e0000000,0x00000000e5680000,0x00000000e5680000)
  from space 7168K, 99% used [0x00000000e8600000,0x00000000e8cf9998,0x00000000e8d00000)
  to   space 10752K, 0% used [0x00000000e7800000,0x00000000e7800000,0x00000000e8280000)
 ParOldGen       total 46080K, used 13349K [0x00000000a0000000, 0x00000000a2d00000, 0x00000000e0000000)
  object space 46080K, 28% used [0x00000000a0000000,0x00000000a0d094e8,0x00000000a2d00000)
 Metaspace       used 34630K, capacity 35170K, committed 35416K, reserved 1079296K
  class space    used 4773K, capacity 4969K, committed 4992K, reserved 1048576K
Event: 55.325 GC heap after
Heap after GC invocations=8 (full 1):
 PSYoungGen      total 129536K, used 10746K [0x00000000e0000000, 0x00000000e8e00000, 0x0000000100000000)
  eden space 118784K, 0% used [0x00000000e0000000,0x00000000e0000000,0x00000000e7400000)
  from space 10752K, 99% used [0x00000000e7800000,0x00000000e827e9a8,0x00000000e8280000)
  to   space 11776K, 0% used [0x00000000e8280000,0x00000000e8280000,0x00000000e8e00000)
 ParOldGen       total 46080K, used 15435K [0x00000000a0000000, 0x00000000a2d00000, 0x00000000e0000000)
  object space 46080K, 33% used [0x00000000a0000000,0x00000000a0f12c18,0x00000000a2d00000)
 Metaspace       used 34630K, capacity 35170K, committed 35416K, reserved 1079296K
  class space    used 4773K, capacity 4969K, committed 4992K, reserved 1048576K
}
Event: 55.524 GC heap before
{Heap before GC invocations=9 (full 1):
 PSYoungGen      total 129536K, used 12762K [0x00000000e0000000, 0x00000000e8e00000, 0x0000000100000000)
  eden space 118784K, 1% used [0x00000000e0000000,0x00000000e01f8120,0x00000000e7400000)
  from space 10752K, 99% used [0x00000000e7800000,0x00000000e827e9a8,0x00000000e8280000)
  to   space 11776K, 0% used [0x00000000e8280000,0x00000000e8280000,0x00000000e8e00000)
 ParOldGen       total 46080K, used 15435K [0x00000000a0000000, 0x00000000a2d00000, 0x00000000e0000000)
  object space 46080K, 33% used [0x00000000a0000000,0x00000000a0f12c18,0x00000000a2d00000)
 Metaspace       used 34753K, capacity 35308K, committed 35416K, reserved 1079296K
  class space    used 4788K, capacity 4972K, committed 4992K, reserved 1048576K
Event: 55.535 GC heap after
Heap after GC invocations=9 (full 1):
 PSYoungGen      total 130560K, used 7040K [0x00000000e0000000, 0x00000000e8e00000, 0x0000000100000000)
  eden space 118784K, 0% used [0x00000000e0000000,0x00000000e0000000,0x00000000e7400000)
  from space 11776K, 59% used [0x00000000e8280000,0x00000000e8960000,0x00000000e8e00000)
  to   space 10752K, 0% used [0x00000000e7800000,0x00000000e7800000,0x00000000e8280000)
 ParOldGen       total 46080K, used 15435K [0x00000000a0000000, 0x00000000a2d00000, 0x00000000e0000000)
  object space 46080K, 33% used [0x00000000a0000000,0x00000000a0f12c18,0x00000000a2d00000)
 Metaspace       used 34753K, capacity 35308K, committed 35416K, reserved 1079296K
  class space    used 4788K, capacity 4972K, committed 4992K, reserved 1048576K
}
Event: 55.536 GC heap before
{Heap before GC invocations=10 (full 2):
 PSYoungGen      total 130560K, used 7040K [0x00000000e0000000, 0x00000000e8e00000, 0x0000000100000000)
  eden space 118784K, 0% used [0x00000000e0000000,0x00000000e0000000,0x00000000e7400000)
  from space 11776K, 59% used [0x00000000e8280000,0x00000000e8960000,0x00000000e8e00000)
  to   space 10752K, 0% used [0x00000000e7800000,0x00000000e7800000,0x00000000e8280000)
 ParOldGen       total 46080K, used 15435K [0x00000000a0000000, 0x00000000a2d00000, 0x00000000e0000000)
  object space 46080K, 33% used [0x00000000a0000000,0x00000000a0f12c18,0x00000000a2d00000)
 Metaspace       used 34753K, capacity 35308K, committed 35416K, reserved 1079296K
  class space    used 4788K, capacity 4972K, committed 4992K, reserved 1048576K
Event: 55.836 GC heap after
Heap after GC invocations=10 (full 2):
 PSYoungGen      total 130560K, used 0K [0x00000000e0000000, 0x00000000e8e00000, 0x0000000100000000)
  eden space 118784K, 0% used [0x00000000e0000000,0x00000000e0000000,0x00000000e7400000)
  from space 11776K, 0% used [0x00000000e8280000,0x00000000e8280000,0x00000000e8e00000)
  to   space 10752K, 0% used [0x00000000e7800000,0x00000000e7800000,0x00000000e8280000)
 ParOldGen       total 55296K, used 13593K [0x00000000a0000000, 0x00000000a3600000, 0x00000000e0000000)
  object space 55296K, 24% used [0x00000000a0000000,0x00000000a0d46540,0x00000000a3600000)
 Metaspace       used 34753K, capacity 35308K, committed 35416K, reserved 1079296K
  class space    used 4788K, capacity 4972K, committed 4992K, reserved 1048576K
}

Deoptimization events (10 events):
Event: 50.516 Thread 0x0000000018aab800 Uncommon trap: reason=class_check action=maybe_recompile pc=0x00000000035d80a8 method=java.io.BufferedInputStream.read1([BII)I @ 39
Event: 50.516 Thread 0x0000000018aab800 Uncommon trap: reason=class_check action=maybe_recompile pc=0x00000000035d80a8 method=java.io.BufferedInputStream.read1([BII)I @ 39
Event: 50.618 Thread 0x0000000018aab800 Uncommon trap: reason=unstable_if action=reinterpret pc=0x0000000003520810 method=java.util.regex.Pattern.has(I)Z @ 6
Event: 52.458 Thread 0x0000000018aab800 Uncommon trap: reason=predicate action=maybe_recompile pc=0x0000000003526dec method=java.util.Arrays.binarySearch0([Ljava/lang/Object;IILjava/lang/Object;Ljava/util/Comparator;)I @ 28
Event: 52.458 Thread 0x0000000018aab800 Uncommon trap: reason=predicate action=maybe_recompile pc=0x0000000003636020 method=java.util.Arrays.binarySearch0([Ljava/lang/Object;IILjava/lang/Object;Ljava/util/Comparator;)I @ 28
Event: 53.108 Thread 0x0000000018aab800 Uncommon trap: reason=unstable_if action=reinterpret pc=0x00000000032f85fc method=sun.misc.MetaIndex.mayContain(Ljava/lang/String;)Z @ 38
Event: 57.642 Thread 0x0000000018aab800 Uncommon trap: reason=unstable_if action=reinterpret pc=0x000000000331f2b4 method=java.util.concurrent.ConcurrentHashMap.get(Ljava/lang/Object;)Ljava/lang/Object; @ 76
Event: 58.828 Thread 0x0000000018aab800 Uncommon trap: reason=unstable_if action=reinterpret pc=0x0000000002e7aa6c method=java.util.HashMap.putVal(ILjava/lang/Object;Ljava/lang/Object;ZZ)Ljava/lang/Object; @ 162
Event: 58.829 Thread 0x0000000018aab800 Uncommon trap: reason=unstable_if action=reinterpret pc=0x00000000031ac9a8 method=java.util.HashMap.putVal(ILjava/lang/Object;Ljava/lang/Object;ZZ)Ljava/lang/Object; @ 162
Event: 58.829 Thread 0x0000000018aab800 Uncommon trap: reason=unstable_if action=reinterpret pc=0x0000000003169ec0 method=java.util.HashMap.resize()[Ljava/util/HashMap$Node; @ 206

Classes redefined (0 events):
No events

Internal exceptions (10 events):
Event: 49.368 Thread 0x0000000018aab800 Exception <a 'java/lang/ClassNotFoundException': org/gradle/api/DefaultTaskCustomizer> (0x00000000e3e7ff40) thrown at [D:\src\AOSP-openjdk-cygwin\jdk8u\hotspot\src\share\vm\classfile\systemDictionary.cpp, line 210]
Event: 49.369 Thread 0x0000000018aab800 Exception <a 'java/lang/ClassNotFoundException': org/gradle/api/internal/ConventionTaskCustomizer> (0x00000000e3eb98d0) thrown at [D:\src\AOSP-openjdk-cygwin\jdk8u\hotspot\src\share\vm\classfile\systemDictionary.cpp, line 210]
Event: 49.372 Thread 0x0000000018aab800 Exception <a 'java/lang/ClassNotFoundException': org/gradle/api/tasks/DeleteCustomizer> (0x00000000e3ef1128) thrown at [D:\src\AOSP-openjdk-cygwin\jdk8u\hotspot\src\share\vm\classfile\systemDictionary.cpp, line 210]
Event: 49.374 Thread 0x0000000018aab800 Exception <a 'java/lang/ClassNotFoundException': org/gradle/api/tasks/Delete_DecoratedCustomizer> (0x00000000e3f36370) thrown at [D:\src\AOSP-openjdk-cygwin\jdk8u\hotspot\src\share\vm\classfile\systemDictionary.cpp, line 210]
Event: 49.855 Thread 0x0000000018aab800 Exception <a 'java/lang/ClassNotFoundException': build_dbxkfuu38ik7ggrwg41w3fz18BeanInfo> (0x00000000e40456d8) thrown at [D:\src\AOSP-openjdk-cygwin\jdk8u\hotspot\src\share\vm\classfile\systemDictionary.cpp, line 210]
Event: 49.855 Thread 0x0000000018aab800 Exception <a 'java/lang/ClassNotFoundException': build_dbxkfuu38ik7ggrwg41w3fz18Customizer> (0x00000000e404fbb8) thrown at [D:\src\AOSP-openjdk-cygwin\jdk8u\hotspot\src\share\vm\classfile\systemDictionary.cpp, line 210]
Event: 49.863 Thread 0x0000000018aab800 Exception <a 'java/lang/ClassNotFoundException': org/gradle/api/internal/plugins/DefaultObjectConfigurationActionBeanInfo> (0x00000000e40b4f68) thrown at [D:\src\AOSP-openjdk-cygwin\jdk8u\hotspot\src\share\vm\classfile\systemDictionary.cpp, line 210]
Event: 49.865 Thread 0x0000000018aab800 Exception <a 'java/lang/ClassNotFoundException': org/gradle/api/internal/plugins/DefaultObjectConfigurationActionCustomizer> (0x00000000e40eb468) thrown at [D:\src\AOSP-openjdk-cygwin\jdk8u\hotspot\src\share\vm\classfile\systemDictionary.cpp, line 210]
Event: 54.446 Thread 0x0000000018aab800 Exception <a 'sun/nio/fs/WindowsException'> (0x00000000e50081d8) thrown at [D:\src\AOSP-openjdk-cygwin\jdk8u\hotspot\src\share\vm\prims\jni.cpp, line 709]
Event: 57.222 Thread 0x0000000018aab800 Exception <a 'sun/nio/fs/WindowsException'> (0x00000000e04d4610) thrown at [D:\src\AOSP-openjdk-cygwin\jdk8u\hotspot\src\share\vm\prims\jni.cpp, line 709]

Events (10 events):
Event: 59.079 loading class org/apache/tools/ant/Executor done
Event: 59.134 loading class org/apache/tools/ant/RuntimeConfigurable
Event: 59.134 loading class org/apache/tools/ant/RuntimeConfigurable done
Event: 59.165 loading class org/gradle/api/component/SoftwareComponent
Event: 59.165 loading class org/gradle/api/component/SoftwareComponent done
Event: 59.184 loading class org/gradle/model/internal/manage/schema/ScalarCollectionSchema
Event: 59.184 loading class org/gradle/model/internal/manage/schema/ScalarCollectionSchema done
Event: 59.185 loading class org/gradle/model/internal/manage/schema/extract/JavaUtilCollectionStrategy$1
Event: 59.185 loading class org/gradle/model/internal/manage/schema/extract/JavaUtilCollectionStrategy$1 done
Event: 59.306 loading class java/lang/Throwable$PrintStreamOrWriter


Dynamic libraries:
0x00007ff7c09e0000 - 0x00007ff7c0a11000 	C:\Program Files\Android\Android Studio1\jre\bin\java.exe
0x00007ff8d0e50000 - 0x00007ff8d1031000 	C:\WINDOWS\SYSTEM32\ntdll.dll
0x00007ff8d0390000 - 0x00007ff8d0442000 	C:\WINDOWS\System32\KERNEL32.DLL
0x00007ff8cd820000 - 0x00007ff8cda93000 	C:\WINDOWS\System32\KERNELBASE.dll
0x00007ff8d09c0000 - 0x00007ff8d0a61000 	C:\WINDOWS\System32\ADVAPI32.dll
0x00007ff8cfc00000 - 0x00007ff8cfc9e000 	C:\WINDOWS\System32\msvcrt.dll
0x00007ff8d0270000 - 0x00007ff8d02cb000 	C:\WINDOWS\System32\sechost.dll
0x00007ff8cfe10000 - 0x00007ff8cff34000 	C:\WINDOWS\System32\RPCRT4.dll
0x00007ff8d0c60000 - 0x00007ff8d0df0000 	C:\WINDOWS\System32\USER32.dll
0x00007ff8cd610000 - 0x00007ff8cd630000 	C:\WINDOWS\System32\win32u.dll
0x00007ff8d08a0000 - 0x00007ff8d08c8000 	C:\WINDOWS\System32\GDI32.dll
0x00007ff8cd680000 - 0x00007ff8cd812000 	C:\WINDOWS\System32\gdi32full.dll
0x00007ff8cd250000 - 0x00007ff8cd2ef000 	C:\WINDOWS\System32\msvcp_win.dll
0x00007ff8cdaa0000 - 0x00007ff8cdb9a000 	C:\WINDOWS\System32\ucrtbase.dll
0x00007ff8be8e0000 - 0x00007ff8beb49000 	C:\WINDOWS\WinSxS\amd64_microsoft.windows.common-controls_6595b64144ccf1df_6.0.17134.165_none_fb429645306569ac\COMCTL32.dll
0x00007ff8ce2b0000 - 0x00007ff8ce5d3000 	C:\WINDOWS\System32\combase.dll
0x00007ff8cd2f0000 - 0x00007ff8cd36a000 	C:\WINDOWS\System32\bcryptPrimitives.dll
0x00007ff8cfcb0000 - 0x00007ff8cfcdd000 	C:\WINDOWS\System32\IMM32.DLL
0x000000006e990000 - 0x000000006ea62000 	C:\Program Files\Android\Android Studio1\jre\jre\bin\msvcr100.dll
0x000000006eb80000 - 0x000000006f3bf000 	C:\Program Files\Android\Android Studio1\jre\jre\bin\server\jvm.dll
0x00007ff8cfca0000 - 0x00007ff8cfca8000 	C:\WINDOWS\System32\PSAPI.DLL
0x00007ff8caf10000 - 0x00007ff8caf19000 	C:\WINDOWS\SYSTEM32\WSOCK32.dll
0x00007ff8bf2c0000 - 0x00007ff8bf2ca000 	C:\WINDOWS\SYSTEM32\VERSION.dll
0x00007ff8d0a70000 - 0x00007ff8d0adc000 	C:\WINDOWS\System32\WS2_32.dll
0x00007ff8ca950000 - 0x00007ff8ca973000 	C:\WINDOWS\SYSTEM32\WINMM.dll
0x00007ff8ca920000 - 0x00007ff8ca94a000 	C:\WINDOWS\SYSTEM32\winmmbase.dll
0x00007ff8cd630000 - 0x00007ff8cd679000 	C:\WINDOWS\System32\cfgmgr32.dll
0x00007ff8cadb0000 - 0x00007ff8cadbf000 	C:\Program Files\Android\Android Studio1\jre\jre\bin\verify.dll
0x00007ff8c6680000 - 0x00007ff8c66a9000 	C:\Program Files\Android\Android Studio1\jre\jre\bin\java.dll
0x00007ff8c8f70000 - 0x00007ff8c8f86000 	C:\Program Files\Android\Android Studio1\jre\jre\bin\zip.dll
0x00007ff8ce6e0000 - 0x00007ff8cfb20000 	C:\WINDOWS\System32\SHELL32.dll
0x00007ff8d02d0000 - 0x00007ff8d0379000 	C:\WINDOWS\System32\shcore.dll
0x00007ff8cdba0000 - 0x00007ff8ce2ad000 	C:\WINDOWS\System32\windows.storage.dll
0x00007ff8cfdb0000 - 0x00007ff8cfe01000 	C:\WINDOWS\System32\shlwapi.dll
0x00007ff8cd160000 - 0x00007ff8cd171000 	C:\WINDOWS\System32\kernel.appcore.dll
0x00007ff8cd1d0000 - 0x00007ff8cd1ef000 	C:\WINDOWS\System32\profapi.dll
0x00007ff8cd180000 - 0x00007ff8cd1cc000 	C:\WINDOWS\System32\powrprof.dll
0x00007ff8cd150000 - 0x00007ff8cd15a000 	C:\WINDOWS\System32\FLTLIB.DLL
0x00007ff8c72a0000 - 0x00007ff8c72ba000 	C:\Program Files\Android\Android Studio1\jre\jre\bin\net.dll
0x00007ff8cc9b0000 - 0x00007ff8cca16000 	C:\WINDOWS\system32\mswsock.dll
0x00007ff8c2c30000 - 0x00007ff8c2c41000 	C:\Program Files\Android\Android Studio1\jre\jre\bin\nio.dll
0x00007ff8caf20000 - 0x00007ff8caf3e000 	C:\Users\lenovo\.gradle\native\25\windows-amd64\native-platform.dll
0x00007ff8c6770000 - 0x00007ff8c677d000 	C:\Program Files\Android\Android Studio1\jre\jre\bin\management.dll
0x00007ff8ccb60000 - 0x00007ff8ccb77000 	C:\WINDOWS\SYSTEM32\CRYPTSP.dll
0x00007ff8cc590000 - 0x00007ff8cc5c3000 	C:\WINDOWS\system32\rsaenh.dll
0x00007ff8ccc90000 - 0x00007ff8cccb5000 	C:\WINDOWS\SYSTEM32\bcrypt.dll
0x00007ff8cd030000 - 0x00007ff8cd058000 	C:\WINDOWS\SYSTEM32\USERENV.dll
0x00007ff8ccb80000 - 0x00007ff8ccb8b000 	C:\WINDOWS\SYSTEM32\CRYPTBASE.dll
0x00007ff8cc730000 - 0x00007ff8cc768000 	C:\WINDOWS\SYSTEM32\IPHLPAPI.DLL
0x00007ff8d0380000 - 0x00007ff8d0388000 	C:\WINDOWS\System32\NSI.dll
0x00007ff8c6840000 - 0x00007ff8c6856000 	C:\WINDOWS\SYSTEM32\dhcpcsvc6.DLL
0x00007ff8c6820000 - 0x00007ff8c683a000 	C:\WINDOWS\SYSTEM32\dhcpcsvc.DLL

VM Arguments:
jvm_args: -Xmx1536m -Dfile.encoding=windows-1252 -Duser.country=IN -Duser.language=en -Duser.variant 
java_command: org.gradle.launcher.daemon.bootstrap.GradleDaemon 4.4
java_class_path (initial): C:\Users\lenovo\.gradle\wrapper\dists\gradle-4.4-all\9br9xq1tocpiv8o6njlyu5op1\gradle-4.4\lib\gradle-launcher-4.4.jar
Launcher Type: SUN_STANDARD

Environment Variables:
PATH=C:\Program Files (x86)\Common Files\Oracle\Java\javapath;C:\ProgramData\Anaconda2;C:\ProgramData\Anaconda2\Library\mingw-w64\bin;C:\ProgramData\Anaconda2\Library\usr\bin;C:\ProgramData\Anaconda2\Library\bin;C:\ProgramData\Anaconda2\Scripts;C:\ProgramData\Oracle\Java\javapath;C:\WINDOWS\system32;C:\WINDOWS;C:\WINDOWS\System32\Wbem;C:\WINDOWS\System32\WindowsPowerShell\v1.0\;C:\Program Files (x86)\Java\jdk1.8.0_05\bin;C:\Program Files (x86)\Common Files\lenovo\easyplussdk\bin;C:\Program Files\MySQL\MySQL Server 5.1\bin;C:\WINDOWS\System32\OpenSSH\;C:\Program Files\Microsoft VS Code\bin;C:\Program Files\Git\cmd;C:\Program Files\nodejs\;C:\Users\lenovo\AppData\Local\Programs\Python\Python36\Scripts\;C:\Users\lenovo\AppData\Local\Programs\Python\Python36\;C:\Users\lenovo\AppData\Local\Microsoft\WindowsApps;;C:\Program Files\Microsoft VS Code\bin;C:\Users\lenovo\AppData\Roaming\npm
USERNAME=lenovo
OS=Windows_NT
PROCESSOR_IDENTIFIER=Intel64 Family 6 Model 78 Stepping 3, GenuineIntel



---------------  S Y S T E M  ---------------

OS: Windows 10.0 , 64 bit Build 17134 (10.0.17134.1)

CPU:total 4 (initial active 4) (2 cores per cpu, 2 threads per core) family 6 model 78 stepping 3, cmov, cx8, fxsr, mmx, sse, sse2, sse3, ssse3, sse4.1, sse4.2, popcnt, avx, avx2, aes, clmul, erms, 3dnowpref, lzcnt, ht, tsc, tscinvbit, bmi1, bmi2, adx

Memory: 4k page, physical 4050944k(253328k free), swap 6098944k(3144k free)

vm_info: OpenJDK 64-Bit Server VM (25.152-b02) for windows-amd64 JRE (1.8.0_152-release-1024-b02), built by "builder" with MS VC++ 10.0 (VS2010)

time: Mon Jul 16 17:04:08 2018
elapsed time: 59 seconds (0d 0h 0m 59s)

