#
# There is insufficient memory for the Java Runtime Environment to continue.
# Native memory allocation (malloc) failed to allocate 1085856 bytes for Chunk::new
# Possible reasons:
#   The system is out of physical RAM or swap space
#   In 32 bit mode, the process size limit was hit
# Possible solutions:
#   Reduce memory load on the system
#   Increase physical memory or swap space
#   Check if swap backing store is full
#   Use 64 bit Java on a 64 bit OS
#   Decrease Java heap size (-Xmx/-Xms)
#   Decrease number of Java threads
#   Decrease Java thread stack sizes (-Xss)
#   Set larger code cache with -XX:ReservedCodeCacheSize=
# This output file may be truncated or incomplete.
#
#  Out of Memory Error (allocation.cpp:390), pid=9624, tid=0x000000000000289c
#
# JRE version: OpenJDK Runtime Environment (8.0_152-b02) (build 1.8.0_152-release-1024-b02)
# Java VM: OpenJDK 64-Bit Server VM (25.152-b02 mixed mode windows-amd64 compressed oops)
# Failed to write core dump. Minidumps are not enabled by default on client versions of Windows
#

---------------  T H R E A D  ---------------

Current thread (0x000000001688e000):  JavaThread "C2 CompilerThread1" daemon [_thread_in_native, id=10396, stack(0x0000000017fd0000,0x00000000180d0000)]

Stack: [0x0000000017fd0000,0x00000000180d0000]
[error occurred during error reporting (printing stack bounds), id 0xc0000005]

Native frames: (J=compiled Java code, j=interpreted, Vv=VM code, C=native code)


Current CompileTask:
C2:  48357 2158       4       org.codehaus.groovy.runtime.metaclass.MetaMethodIndex::addMethodToList (298 bytes)


---------------  P R O C E S S  ---------------

Java Threads: ( => current thread )
  0x000000001c5aa800 JavaThread "Cache worker for file hash cache (C:\Users\lenovo\AndroidStudioProjects\FireStor_demo\.gradle\4.4\fileHashes)" [_thread_blocked, id=6432, stack(0x000000001d860000,0x000000001d960000)]
  0x0000000019610000 JavaThread "File lock request listener" [_thread_in_native, id=1388, stack(0x000000001c2f0000,0x000000001c3f0000)]
  0x0000000018c36800 JavaThread "Cache worker for file hash cache (C:\Users\lenovo\.gradle\caches\4.4\fileHashes)" [_thread_blocked, id=1608, stack(0x000000001b220000,0x000000001b320000)]
  0x0000000019536000 JavaThread "Stdin handler" [_thread_blocked, id=9996, stack(0x000000001af20000,0x000000001b020000)]
  0x0000000019496000 JavaThread "Asynchronous log dispatcher for DefaultDaemonConnection: socket connection from /127.0.0.1:53165 to /127.0.0.1:53166" [_thread_blocked, id=4020, stack(0x000000001ae20000,0x000000001af20000)]
  0x0000000019495800 JavaThread "Daemon worker" [_thread_in_native, id=6376, stack(0x000000001ad20000,0x000000001ae20000)]
  0x000000001895b000 JavaThread "Cancel handler" [_thread_blocked, id=6748, stack(0x000000001ac20000,0x000000001ad20000)]
  0x0000000018ef4000 JavaThread "Handler for socket connection from /127.0.0.1:53165 to /127.0.0.1:53166" [_thread_in_native, id=4156, stack(0x000000001a920000,0x000000001aa20000)]
  0x0000000018ec1800 JavaThread "Daemon" [_thread_blocked, id=12072, stack(0x000000001a820000,0x000000001a920000)]
  0x0000000018a2a800 JavaThread "Daemon periodic checks" [_thread_blocked, id=11092, stack(0x000000001a720000,0x000000001a820000)]
  0x0000000018a29800 JavaThread "Incoming local TCP Connector on port 53165" [_thread_in_native, id=6572, stack(0x000000001a4e0000,0x000000001a5e0000)]
  0x00000000181f0800 JavaThread "Service Thread" daemon [_thread_blocked, id=12080, stack(0x00000000185d0000,0x00000000186d0000)]
  0x0000000016891800 JavaThread "C1 CompilerThread2" daemon [_thread_blocked, id=6264, stack(0x00000000180d0000,0x00000000181d0000)]
=>0x000000001688e000 JavaThread "C2 CompilerThread1" daemon [_thread_in_native, id=10396, stack(0x0000000017fd0000,0x00000000180d0000)]
  0x0000000016898000 JavaThread "C2 CompilerThread0" daemon [_thread_in_native, id=6520, stack(0x0000000017ed0000,0x0000000017fd0000)]
  0x0000000016897000 JavaThread "Attach Listener" daemon [_thread_blocked, id=8672, stack(0x0000000017dd0000,0x0000000017ed0000)]
  0x0000000016895800 JavaThread "Signal Dispatcher" daemon [_thread_blocked, id=2884, stack(0x0000000017cd0000,0x0000000017dd0000)]
  0x0000000016878800 JavaThread "Finalizer" daemon [_thread_blocked, id=4408, stack(0x0000000017ae0000,0x0000000017be0000)]
  0x0000000002f12000 JavaThread "Reference Handler" daemon [_thread_blocked, id=9588, stack(0x00000000179e0000,0x0000000017ae0000)]
  0x0000000002dae000 JavaThread "main" [_thread_blocked, id=11132, stack(0x0000000002c60000,0x0000000002d60000)]

Other Threads:
  0x0000000016856800 VMThread [stack: 0x00000000178e0000,0x00000000179e0000] [id=6900]
  0x00000000168ee800 WatcherThread [stack: 0x00000000186d0000,0x00000000187d0000] [id=7292]

VM state:not at safepoint (normal execution)

VM Mutex/Monitor currently owned by a thread: None

Heap:
 PSYoungGen      total 20480K, used 14076K [0x00000000e0000000, 0x00000000e1980000, 0x0000000100000000)
  eden space 14848K, 81% used [0x00000000e0000000,0x00000000e0bc4e78,0x00000000e0e80000)
  from space 5632K, 35% used [0x00000000e0e80000,0x00000000e107a470,0x00000000e1400000)
  to   space 5632K, 0% used [0x00000000e1400000,0x00000000e1400000,0x00000000e1980000)
 ParOldGen       total 25088K, used 8402K [0x00000000a0000000, 0x00000000a1880000, 0x00000000e0000000)
  object space 25088K, 33% used [0x00000000a0000000,0x00000000a0834b58,0x00000000a1880000)
 Metaspace       used 26267K, capacity 26778K, committed 26880K, reserved 1073152K
  class space    used 3587K, capacity 3763K, committed 3840K, reserved 1048576K

Card table byte_map: [0x00000000122e0000,0x00000000125f0000] byte_map_base: 0x0000000011de0000

Marking Bits: (ParMarkBitMap*) 0x000000006f344970
 Begin Bits: [0x0000000012bf0000, 0x00000000143f0000)
 End Bits:   [0x00000000143f0000, 0x0000000015bf0000)

Polling page: 0x0000000000fd0000

CodeCache: size=245760Kb used=7822Kb max_used=7856Kb free=237937Kb
 bounds [0x0000000002f20000, 0x00000000036e0000, 0x0000000011f20000]
 total_blobs=2673 nmethods=2030 adapters=556
 compilation: enabled

Compilation events (10 events):
Event: 47.971 Thread 0x0000000016891800 2164       3       org.codehaus.groovy.util.AbstractConcurrentMap::segmentFor (9 bytes)
Event: 47.972 Thread 0x0000000016891800 nmethod 2164 0x000000000369cd90 code [0x000000000369cf00, 0x000000000369d1d0]
Event: 48.107 Thread 0x0000000016891800 2167       3       org.codehaus.groovy.reflection.CachedClass::getMethods (11 bytes)
Event: 48.107 Thread 0x0000000016891800 nmethod 2167 0x000000000369c850 code [0x000000000369c9c0, 0x000000000369ccc8]
Event: 48.144 Thread 0x0000000016891800 2168       3       java.beans.FeatureDescriptor::getReturnType (21 bytes)
Event: 48.146 Thread 0x0000000016891800 nmethod 2168 0x00000000036a7590 code [0x00000000036a7820, 0x00000000036a8978]
Event: 48.190 Thread 0x0000000016891800 2169       3       groovy.lang.MetaClassImpl::establishStaticMetaProperty (262 bytes)
Event: 48.192 Thread 0x0000000016891800 nmethod 2169 0x00000000036a9590 code [0x00000000036a9800, 0x00000000036aabb8]
Event: 48.192 Thread 0x0000000016891800 2170       3       sun.reflect.ReflectionFactory::newMethodAccessor (79 bytes)
Event: 48.194 Thread 0x0000000016891800 nmethod 2170 0x00000000036ab390 code [0x00000000036ab660, 0x00000000036acef8]

GC Heap History (10 events):
Event: 44.488 GC heap before
{Heap before GC invocations=10 (full 0):
 PSYoungGen      total 20480K, used 5139K [0x00000000e0000000, 0x00000000e1900000, 0x0000000100000000)
  eden space 15360K, 9% used [0x00000000e0000000,0x00000000e015dca8,0x00000000e0f00000)
  from space 5120K, 73% used [0x00000000e0f00000,0x00000000e12a7030,0x00000000e1400000)
  to   space 5120K, 0% used [0x00000000e1400000,0x00000000e1400000,0x00000000e1900000)
 ParOldGen       total 42496K, used 7459K [0x00000000a0000000, 0x00000000a2980000, 0x00000000e0000000)
  object space 42496K, 17% used [0x00000000a0000000,0x00000000a0748ee8,0x00000000a2980000)
 Metaspace       used 20815K, capacity 21184K, committed 21248K, reserved 1067008K
  class space    used 2897K, capacity 3038K, committed 3072K, reserved 1048576K
Event: 44.492 GC heap after
Heap after GC invocations=10 (full 0):
 PSYoungGen      total 19968K, used 1714K [0x00000000e0000000, 0x00000000e1a00000, 0x0000000100000000)
  eden space 14848K, 0% used [0x00000000e0000000,0x00000000e0000000,0x00000000e0e80000)
  from space 5120K, 33% used [0x00000000e1400000,0x00000000e15ac980,0x00000000e1900000)
  to   space 5632K, 0% used [0x00000000e0e80000,0x00000000e0e80000,0x00000000e1400000)
 ParOldGen       total 42496K, used 8627K [0x00000000a0000000, 0x00000000a2980000, 0x00000000e0000000)
  object space 42496K, 20% used [0x00000000a0000000,0x00000000a086cdb8,0x00000000a2980000)
 Metaspace       used 20815K, capacity 21184K, committed 21248K, reserved 1067008K
  class space    used 2897K, capacity 3038K, committed 3072K, reserved 1048576K
}
Event: 44.492 GC heap before
{Heap before GC invocations=11 (full 1):
 PSYoungGen      total 19968K, used 1714K [0x00000000e0000000, 0x00000000e1a00000, 0x0000000100000000)
  eden space 14848K, 0% used [0x00000000e0000000,0x00000000e0000000,0x00000000e0e80000)
  from space 5120K, 33% used [0x00000000e1400000,0x00000000e15ac980,0x00000000e1900000)
  to   space 5632K, 0% used [0x00000000e0e80000,0x00000000e0e80000,0x00000000e1400000)
 ParOldGen       total 42496K, used 8627K [0x00000000a0000000, 0x00000000a2980000, 0x00000000e0000000)
  object space 42496K, 20% used [0x00000000a0000000,0x00000000a086cdb8,0x00000000a2980000)
 Metaspace       used 20815K, capacity 21184K, committed 21248K, reserved 1067008K
  class space    used 2897K, capacity 3038K, committed 3072K, reserved 1048576K
Event: 44.615 GC heap after
Heap after GC invocations=11 (full 1):
 PSYoungGen      total 19968K, used 0K [0x00000000e0000000, 0x00000000e1a00000, 0x0000000100000000)
  eden space 14848K, 0% used [0x00000000e0000000,0x00000000e0000000,0x00000000e0e80000)
  from space 5120K, 0% used [0x00000000e1400000,0x00000000e1400000,0x00000000e1900000)
  to   space 5632K, 0% used [0x00000000e0e80000,0x00000000e0e80000,0x00000000e1400000)
 ParOldGen       total 25088K, used 6818K [0x00000000a0000000, 0x00000000a1880000, 0x00000000e0000000)
  object space 25088K, 27% used [0x00000000a0000000,0x00000000a06a8ac8,0x00000000a1880000)
 Metaspace       used 20815K, capacity 21184K, committed 21248K, reserved 1067008K
  class space    used 2897K, capacity 3038K, committed 3072K, reserved 1048576K
}
Event: 45.835 GC heap before
{Heap before GC invocations=12 (full 1):
 PSYoungGen      total 19968K, used 14848K [0x00000000e0000000, 0x00000000e1a00000, 0x0000000100000000)
  eden space 14848K, 100% used [0x00000000e0000000,0x00000000e0e80000,0x00000000e0e80000)
  from space 5120K, 0% used [0x00000000e1400000,0x00000000e1400000,0x00000000e1900000)
  to   space 5632K, 0% used [0x00000000e0e80000,0x00000000e0e80000,0x00000000e1400000)
 ParOldGen       total 25088K, used 6818K [0x00000000a0000000, 0x00000000a1880000, 0x00000000e0000000)
  object space 25088K, 27% used [0x00000000a0000000,0x00000000a06a8ac8,0x00000000a1880000)
 Metaspace       used 22561K, capacity 23014K, committed 23168K, reserved 1069056K
  class space    used 3062K, capacity 3200K, committed 3200K, reserved 1048576K
Event: 45.840 GC heap after
Heap after GC invocations=12 (full 1):
 PSYoungGen      total 20480K, used 1898K [0x00000000e0000000, 0x00000000e1980000, 0x0000000100000000)
  eden space 14848K, 0% used [0x00000000e0000000,0x00000000e0000000,0x00000000e0e80000)
  from space 5632K, 33% used [0x00000000e0e80000,0x00000000e105a838,0x00000000e1400000)
  to   space 5632K, 0% used [0x00000000e1400000,0x00000000e1400000,0x00000000e1980000)
 ParOldGen       total 25088K, used 6826K [0x00000000a0000000, 0x00000000a1880000, 0x00000000e0000000)
  object space 25088K, 27% used [0x00000000a0000000,0x00000000a06aaac8,0x00000000a1880000)
 Metaspace       used 22561K, capacity 23014K, committed 23168K, reserved 1069056K
  class space    used 3062K, capacity 3200K, committed 3200K, reserved 1048576K
}
Event: 46.850 GC heap before
{Heap before GC invocations=13 (full 1):
 PSYoungGen      total 20480K, used 16746K [0x00000000e0000000, 0x00000000e1980000, 0x0000000100000000)
  eden space 14848K, 100% used [0x00000000e0000000,0x00000000e0e80000,0x00000000e0e80000)
  from space 5632K, 33% used [0x00000000e0e80000,0x00000000e105a838,0x00000000e1400000)
  to   space 5632K, 0% used [0x00000000e1400000,0x00000000e1400000,0x00000000e1980000)
 ParOldGen       total 25088K, used 6826K [0x00000000a0000000, 0x00000000a1880000, 0x00000000e0000000)
  object space 25088K, 27% used [0x00000000a0000000,0x00000000a06aaac8,0x00000000a1880000)
 Metaspace       used 23816K, capacity 24208K, committed 24448K, reserved 1071104K
  class space    used 3243K, capacity 3399K, committed 3456K, reserved 1048576K
Event: 46.855 GC heap after
Heap after GC invocations=13 (full 1):
 PSYoungGen      total 20480K, used 1815K [0x00000000e0000000, 0x00000000e1980000, 0x0000000100000000)
  eden space 14848K, 0% used [0x00000000e0000000,0x00000000e0000000,0x00000000e0e80000)
  from space 5632K, 32% used [0x00000000e1400000,0x00000000e15c5da8,0x00000000e1980000)
  to   space 5632K, 0% used [0x00000000e0e80000,0x00000000e0e80000,0x00000000e1400000)
 ParOldGen       total 25088K, used 7882K [0x00000000a0000000, 0x00000000a1880000, 0x00000000e0000000)
  object space 25088K, 31% used [0x00000000a0000000,0x00000000a07b2b18,0x00000000a1880000)
 Metaspace       used 23816K, capacity 24208K, committed 24448K, reserved 1071104K
  class space    used 3243K, capacity 3399K, committed 3456K, reserved 1048576K
}
Event: 47.410 GC heap before
{Heap before GC invocations=14 (full 1):
 PSYoungGen      total 20480K, used 16256K [0x00000000e0000000, 0x00000000e1980000, 0x0000000100000000)
  eden space 14848K, 97% used [0x00000000e0000000,0x00000000e0e1a290,0x00000000e0e80000)
  from space 5632K, 32% used [0x00000000e1400000,0x00000000e15c5da8,0x00000000e1980000)
  to   space 5632K, 0% used [0x00000000e0e80000,0x00000000e0e80000,0x00000000e1400000)
 ParOldGen       total 25088K, used 7882K [0x00000000a0000000, 0x00000000a1880000, 0x00000000e0000000)
  object space 25088K, 31% used [0x00000000a0000000,0x00000000a07b2b18,0x00000000a1880000)
 Metaspace       used 25074K, capacity 25494K, committed 25728K, reserved 1071104K
  class space    used 3461K, capacity 3592K, committed 3712K, reserved 1048576K
Event: 47.415 GC heap after
Heap after GC invocations=14 (full 1):
 PSYoungGen      total 20480K, used 2025K [0x00000000e0000000, 0x00000000e1980000, 0x0000000100000000)
  eden space 14848K, 0% used [0x00000000e0000000,0x00000000e0000000,0x00000000e0e80000)
  from space 5632K, 35% used [0x00000000e0e80000,0x00000000e107a470,0x00000000e1400000)
  to   space 5632K, 0% used [0x00000000e1400000,0x00000000e1400000,0x00000000e1980000)
 ParOldGen       total 25088K, used 8402K [0x00000000a0000000, 0x00000000a1880000, 0x00000000e0000000)
  object space 25088K, 33% used [0x00000000a0000000,0x00000000a0834b58,0x00000000a1880000)
 Metaspace       used 25074K, capacity 25494K, committed 25728K, reserved 1071104K
  class space    used 3461K, capacity 3592K, committed 3712K, reserved 1048576K
}

Deoptimization events (10 events):
Event: 46.837 Thread 0x0000000019495800 Uncommon trap: reason=unstable_if action=reinterpret pc=0x000000000330c1bc method=java.util.HashMap.getNode(ILjava/lang/Object;)Ljava/util/HashMap$Node; @ 53
Event: 46.837 Thread 0x0000000019495800 Uncommon trap: reason=unstable_if action=reinterpret pc=0x000000000319c7b0 method=java.util.HashMap.hash(Ljava/lang/Object;)I @ 1
Event: 46.837 Thread 0x0000000019495800 Uncommon trap: reason=unstable_if action=reinterpret pc=0x00000000033effe0 method=java.util.HashMap.putVal(ILjava/lang/Object;Ljava/lang/Object;ZZ)Ljava/lang/Object; @ 85
Event: 46.935 Thread 0x0000000019495800 Uncommon trap: reason=class_check action=maybe_recompile pc=0x0000000003461ac0 method=java.lang.reflect.Method.equals(Ljava/lang/Object;)Z @ 5
Event: 46.938 Thread 0x0000000019495800 Uncommon trap: reason=class_check action=maybe_recompile pc=0x0000000003461ac0 method=java.lang.reflect.Method.equals(Ljava/lang/Object;)Z @ 5
Event: 47.108 Thread 0x0000000019495800 Uncommon trap: reason=unstable_if action=reinterpret pc=0x00000000031d2ab0 method=java.util.LinkedHashMap.afterNodeInsertion(Z)V @ 1
Event: 47.190 Thread 0x0000000019495800 Uncommon trap: reason=class_check action=maybe_recompile pc=0x0000000003461ac0 method=java.lang.reflect.Method.equals(Ljava/lang/Object;)Z @ 5
Event: 47.191 Thread 0x0000000019495800 Uncommon trap: reason=class_check action=maybe_recompile pc=0x0000000003461ac0 method=java.lang.reflect.Method.equals(Ljava/lang/Object;)Z @ 5
Event: 47.751 Thread 0x0000000019495800 Uncommon trap: reason=class_check action=maybe_recompile pc=0x00000000030e7744 method=sun.misc.URLClassPath.getLoader(I)Lsun/misc/URLClassPath$Loader; @ 94
Event: 47.773 Thread 0x0000000019495800 Uncommon trap: reason=class_check action=maybe_recompile pc=0x00000000030e19b8 method=sun.misc.URLClassPath.getLoader(I)Lsun/misc/URLClassPath$Loader; @ 239

Classes redefined (0 events):
No events

Internal exceptions (10 events):
Event: 47.787 Thread 0x0000000019495800 Exception <a 'java/lang/ClassNotFoundException': org/gradle/api/internal/project/ProjectScriptCustomizer> (0x00000000e05bedd0) thrown at [D:\src\AOSP-openjdk-cygwin\jdk8u\hotspot\src\share\vm\classfile\systemDictionary.cpp, line 210]
Event: 47.790 Thread 0x0000000019495800 Exception <a 'java/lang/ClassNotFoundException': build_dj283o7afqhcty9qg0nvkcvruCustomizer> (0x00000000e05dde18) thrown at [D:\src\AOSP-openjdk-cygwin\jdk8u\hotspot\src\share\vm\classfile\systemDictionary.cpp, line 210]
Event: 47.877 Thread 0x0000000019495800 Exception <a 'java/lang/ClassNotFoundException': groovy/lang/Closure$1BeanInfo> (0x00000000e062f480) thrown at [D:\src\AOSP-openjdk-cygwin\jdk8u\hotspot\src\share\vm\classfile\systemDictionary.cpp, line 210]
Event: 47.878 Thread 0x0000000019495800 Exception <a 'java/lang/ClassNotFoundException': groovy/lang/ClosureBeanInfo> (0x00000000e0648600) thrown at [D:\src\AOSP-openjdk-cygwin\jdk8u\hotspot\src\share\vm\classfile\systemDictionary.cpp, line 210]
Event: 47.879 Thread 0x0000000019495800 Exception <a 'java/lang/ClassNotFoundException': groovy/lang/ClosureCustomizer> (0x00000000e0661f00) thrown at [D:\src\AOSP-openjdk-cygwin\jdk8u\hotspot\src\share\vm\classfile\systemDictionary.cpp, line 210]
Event: 47.890 Thread 0x0000000019495800 Exception <a 'java/lang/ClassNotFoundException': groovy/lang/Closure$1Customizer> (0x00000000e06a2a60) thrown at [D:\src\AOSP-openjdk-cygwin\jdk8u\hotspot\src\share\vm\classfile\systemDictionary.cpp, line 210]
Event: 48.109 Thread 0x0000000019495800 Exception <a 'java/lang/ClassNotFoundException': org/gradle/internal/metaobject/ConfigureDelegateBeanInfo> (0x00000000e08ca100) thrown at [D:\src\AOSP-openjdk-cygwin\jdk8u\hotspot\src\share\vm\classfile\systemDictionary.cpp, line 210]
Event: 48.110 Thread 0x0000000019495800 Exception <a 'java/lang/ClassNotFoundException': org/gradle/internal/metaobject/ConfigureDelegateCustomizer> (0x00000000e08ef248) thrown at [D:\src\AOSP-openjdk-cygwin\jdk8u\hotspot\src\share\vm\classfile\systemDictionary.cpp, line 210]
Event: 48.143 Thread 0x0000000019495800 Exception <a 'java/lang/ClassNotFoundException': org/gradle/api/internal/initialization/DefaultScriptHandlerBeanInfo> (0x00000000e095ea08) thrown at [D:\src\AOSP-openjdk-cygwin\jdk8u\hotspot\src\share\vm\classfile\systemDictionary.cpp, line 210]
Event: 48.144 Thread 0x0000000019495800 Exception <a 'java/lang/ClassNotFoundException': org/gradle/api/internal/initialization/DefaultScriptHandlerCustomizer> (0x00000000e098a350) thrown at [D:\src\AOSP-openjdk-cygwin\jdk8u\hotspot\src\share\vm\classfile\systemDictionary.cpp, line 210]

Events (10 events):
Event: 48.146 loading class org/gradle/api/artifacts/Configuration
Event: 48.146 loading class org/gradle/api/artifacts/Configuration done
Event: 48.189 loading class org/gradle/api/attributes/HasConfigurableAttributes
Event: 48.189 loading class org/gradle/api/attributes/HasConfigurableAttributes done
Event: 48.189 loading class org/gradle/api/attributes/HasAttributes
Event: 48.189 loading class org/gradle/api/attributes/HasAttributes done
Event: 48.195 loading class org/gradle/api/internal/artifacts/mvnsettings/DefaultMavenSettingsProvider
Event: 48.195 loading class org/gradle/api/internal/artifacts/mvnsettings/DefaultMavenSettingsProvider done
Event: 48.217 loading class org/apache/maven/settings/building/SettingsBuildingRequest
Event: 48.217 loading class org/apache/maven/settings/building/SettingsBuildingRequest done


Dynamic libraries:
0x00007ff683250000 - 0x00007ff683281000 	C:\Program Files\Android\Android Studio1\jre\bin\java.exe
0x00007ff8d0e50000 - 0x00007ff8d1031000 	C:\WINDOWS\SYSTEM32\ntdll.dll
0x00007ff8d0390000 - 0x00007ff8d0442000 	C:\WINDOWS\System32\KERNEL32.DLL
0x00007ff8cd820000 - 0x00007ff8cda93000 	C:\WINDOWS\System32\KERNELBASE.dll
0x00007ff8d09c0000 - 0x00007ff8d0a61000 	C:\WINDOWS\System32\ADVAPI32.dll
0x00007ff8cfc00000 - 0x00007ff8cfc9e000 	C:\WINDOWS\System32\msvcrt.dll
0x00007ff8d0270000 - 0x00007ff8d02cb000 	C:\WINDOWS\System32\sechost.dll
0x00007ff8cfe10000 - 0x00007ff8cff34000 	C:\WINDOWS\System32\RPCRT4.dll
0x00007ff8d0c60000 - 0x00007ff8d0df0000 	C:\WINDOWS\System32\USER32.dll
0x00007ff8cd610000 - 0x00007ff8cd630000 	C:\WINDOWS\System32\win32u.dll
0x00007ff8d08a0000 - 0x00007ff8d08c8000 	C:\WINDOWS\System32\GDI32.dll
0x00007ff8cd680000 - 0x00007ff8cd812000 	C:\WINDOWS\System32\gdi32full.dll
0x00007ff8cd250000 - 0x00007ff8cd2ef000 	C:\WINDOWS\System32\msvcp_win.dll
0x00007ff8cdaa0000 - 0x00007ff8cdb9a000 	C:\WINDOWS\System32\ucrtbase.dll
0x00007ff8be8e0000 - 0x00007ff8beb49000 	C:\WINDOWS\WinSxS\amd64_microsoft.windows.common-controls_6595b64144ccf1df_6.0.17134.165_none_fb429645306569ac\COMCTL32.dll
0x00007ff8ce2b0000 - 0x00007ff8ce5d3000 	C:\WINDOWS\System32\combase.dll
0x00007ff8cd2f0000 - 0x00007ff8cd36a000 	C:\WINDOWS\System32\bcryptPrimitives.dll
0x00007ff8cfcb0000 - 0x00007ff8cfcdd000 	C:\WINDOWS\System32\IMM32.DLL
0x000000006e990000 - 0x000000006ea62000 	C:\Program Files\Android\Android Studio1\jre\jre\bin\msvcr100.dll
0x000000006eb80000 - 0x000000006f3bf000 	C:\Program Files\Android\Android Studio1\jre\jre\bin\server\jvm.dll
0x00007ff8cfca0000 - 0x00007ff8cfca8000 	C:\WINDOWS\System32\PSAPI.DLL
0x00007ff8bf2c0000 - 0x00007ff8bf2ca000 	C:\WINDOWS\SYSTEM32\VERSION.dll
0x00007ff8ca950000 - 0x00007ff8ca973000 	C:\WINDOWS\SYSTEM32\WINMM.dll
0x00007ff8ca920000 - 0x00007ff8ca94a000 	C:\WINDOWS\SYSTEM32\winmmbase.dll
0x00007ff8cd630000 - 0x00007ff8cd679000 	C:\WINDOWS\System32\cfgmgr32.dll
0x00007ff8c6680000 - 0x00007ff8c6689000 	C:\WINDOWS\SYSTEM32\WSOCK32.dll
0x00007ff8d0a70000 - 0x00007ff8d0adc000 	C:\WINDOWS\System32\ws2_32.DLL
0x00007ff8b9540000 - 0x00007ff8b954f000 	C:\Program Files\Android\Android Studio1\jre\jre\bin\verify.dll
0x00007ff8b2110000 - 0x00007ff8b2139000 	C:\Program Files\Android\Android Studio1\jre\jre\bin\java.dll
0x00007ff8b1590000 - 0x00007ff8b15a6000 	C:\Program Files\Android\Android Studio1\jre\jre\bin\zip.dll
0x00007ff8ce6e0000 - 0x00007ff8cfb20000 	C:\WINDOWS\System32\SHELL32.dll
0x00007ff8d02d0000 - 0x00007ff8d0379000 	C:\WINDOWS\System32\shcore.dll
0x00007ff8cdba0000 - 0x00007ff8ce2ad000 	C:\WINDOWS\System32\windows.storage.dll
0x00007ff8cfdb0000 - 0x00007ff8cfe01000 	C:\WINDOWS\System32\shlwapi.dll
0x00007ff8cd160000 - 0x00007ff8cd171000 	C:\WINDOWS\System32\kernel.appcore.dll
0x00007ff8cd1d0000 - 0x00007ff8cd1ef000 	C:\WINDOWS\System32\profapi.dll
0x00007ff8cd180000 - 0x00007ff8cd1cc000 	C:\WINDOWS\System32\powrprof.dll
0x00007ff8cd150000 - 0x00007ff8cd15a000 	C:\WINDOWS\System32\FLTLIB.DLL
0x00007ff8b5310000 - 0x00007ff8b532a000 	C:\Program Files\Android\Android Studio1\jre\jre\bin\net.dll
0x00007ff8cc9b0000 - 0x00007ff8cca16000 	C:\WINDOWS\system32\mswsock.dll
0x00007ff8b4530000 - 0x00007ff8b4541000 	C:\Program Files\Android\Android Studio1\jre\jre\bin\nio.dll
0x00007ff8c6690000 - 0x00007ff8c66ae000 	C:\Users\lenovo\.gradle\native\25\windows-amd64\native-platform.dll
0x00007ff8bfb30000 - 0x00007ff8bfb3d000 	C:\Program Files\Android\Android Studio1\jre\jre\bin\management.dll
0x00007ff8ccb60000 - 0x00007ff8ccb77000 	C:\WINDOWS\SYSTEM32\CRYPTSP.dll
0x00007ff8cc590000 - 0x00007ff8cc5c3000 	C:\WINDOWS\system32\rsaenh.dll
0x00007ff8ccc90000 - 0x00007ff8cccb5000 	C:\WINDOWS\SYSTEM32\bcrypt.dll
0x00007ff8cd030000 - 0x00007ff8cd058000 	C:\WINDOWS\SYSTEM32\USERENV.dll
0x00007ff8ccb80000 - 0x00007ff8ccb8b000 	C:\WINDOWS\SYSTEM32\CRYPTBASE.dll
0x00007ff8cc730000 - 0x00007ff8cc768000 	C:\WINDOWS\SYSTEM32\IPHLPAPI.DLL
0x00007ff8d0380000 - 0x00007ff8d0388000 	C:\WINDOWS\System32\NSI.dll
0x00007ff8c6840000 - 0x00007ff8c6856000 	C:\WINDOWS\SYSTEM32\dhcpcsvc6.DLL
0x00007ff8c6820000 - 0x00007ff8c683a000 	C:\WINDOWS\SYSTEM32\dhcpcsvc.DLL

VM Arguments:
jvm_args: -Xmx1536m -Dfile.encoding=windows-1252 -Duser.country=IN -Duser.language=en -Duser.variant 
java_command: org.gradle.launcher.daemon.bootstrap.GradleDaemon 4.4
java_class_path (initial): C:\Users\lenovo\.gradle\wrapper\dists\gradle-4.4-all\9br9xq1tocpiv8o6njlyu5op1\gradle-4.4\lib\gradle-launcher-4.4.jar
Launcher Type: SUN_STANDARD

Environment Variables:
PATH=C:\Program Files (x86)\Common Files\Oracle\Java\javapath;C:\ProgramData\Anaconda2;C:\ProgramData\Anaconda2\Library\mingw-w64\bin;C:\ProgramData\Anaconda2\Library\usr\bin;C:\ProgramData\Anaconda2\Library\bin;C:\ProgramData\Anaconda2\Scripts;C:\ProgramData\Oracle\Java\javapath;C:\WINDOWS\system32;C:\WINDOWS;C:\WINDOWS\System32\Wbem;C:\WINDOWS\System32\WindowsPowerShell\v1.0\;C:\Program Files (x86)\Java\jdk1.8.0_05\bin;C:\Program Files (x86)\Common Files\lenovo\easyplussdk\bin;C:\Program Files\MySQL\MySQL Server 5.1\bin;C:\WINDOWS\System32\OpenSSH\;C:\Program Files\Microsoft VS Code\bin;C:\Program Files\Git\cmd;C:\Program Files\nodejs\;C:\Users\lenovo\AppData\Local\Programs\Python\Python36\Scripts\;C:\Users\lenovo\AppData\Local\Programs\Python\Python36\;C:\Users\lenovo\AppData\Local\Microsoft\WindowsApps;;C:\Program Files\Microsoft VS Code\bin;C:\Users\lenovo\AppData\Roaming\npm
USERNAME=lenovo
OS=Windows_NT
PROCESSOR_IDENTIFIER=Intel64 Family 6 Model 78 Stepping 3, GenuineIntel



---------------  S Y S T E M  ---------------

OS: Windows 10.0 , 64 bit Build 17134 (10.0.17134.1)

CPU:total 4 (initial active 4) (2 cores per cpu, 2 threads per core) family 6 model 78 stepping 3, cmov, cx8, fxsr, mmx, sse, sse2, sse3, ssse3, sse4.1, sse4.2, popcnt, avx, avx2, aes, clmul, erms, 3dnowpref, lzcnt, ht, tsc, tscinvbit, bmi1, bmi2, adx

Memory: 4k page, physical 4050944k(104228k free), swap 6098944k(12840k free)

vm_info: OpenJDK 64-Bit Server VM (25.152-b02) for windows-amd64 JRE (1.8.0_152-release-1024-b02), built by "builder" with MS VC++ 10.0 (VS2010)

time: Mon Jul 16 16:42:45 2018
elapsed time: 48 seconds (0d 0h 0m 48s)

