#
# There is insufficient memory for the Java Runtime Environment to continue.
# Native memory allocation (malloc) failed to allocate 1988464 bytes for Chunk::new
# Possible reasons:
#   The system is out of physical RAM or swap space
#   In 32 bit mode, the process size limit was hit
# Possible solutions:
#   Reduce memory load on the system
#   Increase physical memory or swap space
#   Check if swap backing store is full
#   Use 64 bit Java on a 64 bit OS
#   Decrease Java heap size (-Xmx/-Xms)
#   Decrease number of Java threads
#   Decrease Java thread stack sizes (-Xss)
#   Set larger code cache with -XX:ReservedCodeCacheSize=
# This output file may be truncated or incomplete.
#
#  Out of Memory Error (allocation.cpp:390), pid=11968, tid=0x000000000000228c
#
# JRE version: OpenJDK Runtime Environment (8.0_152-b02) (build 1.8.0_152-release-1024-b02)
# Java VM: OpenJDK 64-Bit Server VM (25.152-b02 mixed mode windows-amd64 compressed oops)
# Failed to write core dump. Minidumps are not enabled by default on client versions of Windows
#

---------------  T H R E A D  ---------------

Current thread (0x0000000016bfe000):  JavaThread "C2 CompilerThread0" daemon [_thread_in_native, id=8844, stack(0x0000000018260000,0x0000000018360000)]

Stack: [0x0000000018260000,0x0000000018360000]
[error occurred during error reporting (printing stack bounds), id 0xc0000005]

Native frames: (J=compiled Java code, j=interpreted, Vv=VM code, C=native code)


Current CompileTask:
C2:   9808 1359       4       java.net.URLClassLoader$1::run (5 bytes)


---------------  P R O C E S S  ---------------

Java Threads: ( => current thread )
  0x000000001a17e800 JavaThread "Cache worker for file hash cache (C:\Users\lenovo\AndroidStudioProjects\FireStor_demo\.gradle\4.4\fileHashes)" [_thread_blocked, id=2276, stack(0x000000001c780000,0x000000001c880000)]
  0x0000000019095000 JavaThread "File lock request listener" [_thread_in_native, id=8776, stack(0x000000001c680000,0x000000001c780000)]
  0x000000001a1e3800 JavaThread "Cache worker for file hash cache (C:\Users\lenovo\.gradle\caches\4.4\fileHashes)" [_thread_blocked, id=8716, stack(0x000000001c580000,0x000000001c680000)]
  0x0000000018ea1800 JavaThread "Stdin handler" [_thread_blocked, id=9268, stack(0x000000001b2b0000,0x000000001b3b0000)]
  0x0000000018e97800 JavaThread "Asynchronous log dispatcher for DefaultDaemonConnection: socket connection from /127.0.0.1:53180 to /127.0.0.1:53181" [_thread_blocked, id=6040, stack(0x000000001b1b0000,0x000000001b2b0000)]
  0x0000000018e93000 JavaThread "Daemon worker" [_thread_in_native, id=7132, stack(0x000000001b0b0000,0x000000001b1b0000)]
  0x00000000186c4000 JavaThread "Cancel handler" [_thread_blocked, id=1932, stack(0x000000001afb0000,0x000000001b0b0000)]
  0x0000000018712800 JavaThread "Handler for socket connection from /127.0.0.1:53180 to /127.0.0.1:53181" [_thread_in_native, id=6476, stack(0x000000001acb0000,0x000000001adb0000)]
  0x000000001870f800 JavaThread "Daemon" [_thread_blocked, id=11428, stack(0x000000001abb0000,0x000000001acb0000)]
  0x00000000191e9000 JavaThread "Daemon periodic checks" [_thread_blocked, id=8612, stack(0x000000001aab0000,0x000000001abb0000)]
  0x0000000018f51800 JavaThread "Incoming local TCP Connector on port 53180" [_thread_in_native, id=8524, stack(0x000000001a870000,0x000000001a970000)]
  0x0000000018585000 JavaThread "Service Thread" daemon [_thread_blocked, id=10852, stack(0x0000000018960000,0x0000000018a60000)]
  0x0000000016c28800 JavaThread "C1 CompilerThread2" daemon [_thread_blocked, id=9496, stack(0x0000000018460000,0x0000000018560000)]
  0x0000000016c04000 JavaThread "C2 CompilerThread1" daemon [_thread_in_native, id=2324, stack(0x0000000018360000,0x0000000018460000)]
=>0x0000000016bfe000 JavaThread "C2 CompilerThread0" daemon [_thread_in_native, id=8844, stack(0x0000000018260000,0x0000000018360000)]
  0x0000000016bfc800 JavaThread "Attach Listener" daemon [_thread_blocked, id=5968, stack(0x0000000018160000,0x0000000018260000)]
  0x0000000016bfb000 JavaThread "Signal Dispatcher" daemon [_thread_blocked, id=5740, stack(0x0000000018060000,0x0000000018160000)]
  0x0000000003288000 JavaThread "Finalizer" daemon [_thread_blocked, id=7816, stack(0x0000000017e70000,0x0000000017f70000)]
  0x0000000003282000 JavaThread "Reference Handler" daemon [_thread_blocked, id=9376, stack(0x0000000017d70000,0x0000000017e70000)]
  0x000000000182e000 JavaThread "main" [_thread_blocked, id=7680, stack(0x0000000003090000,0x0000000003190000)]

Other Threads:
  0x0000000016bc6800 VMThread [stack: 0x0000000017c70000,0x0000000017d70000] [id=11724]
  0x0000000018596000 WatcherThread [stack: 0x0000000018a60000,0x0000000018b60000] [id=10200]

VM state:not at safepoint (normal execution)

VM Mutex/Monitor currently owned by a thread: None

Heap:
 PSYoungGen      total 20480K, used 15734K [0x00000000e0000000, 0x00000000e1a80000, 0x0000000100000000)
  eden space 15360K, 73% used [0x00000000e0000000,0x00000000e0b195a0,0x00000000e0f00000)
  from space 5120K, 85% used [0x00000000e1480000,0x00000000e18c4638,0x00000000e1980000)
  to   space 5632K, 0% used [0x00000000e0f00000,0x00000000e0f00000,0x00000000e1480000)
 ParOldGen       total 42496K, used 4698K [0x00000000a0000000, 0x00000000a2980000, 0x00000000e0000000)
  object space 42496K, 11% used [0x00000000a0000000,0x00000000a0496aa0,0x00000000a2980000)
 Metaspace       used 15355K, capacity 15686K, committed 15872K, reserved 1062912K
  class space    used 2169K, capacity 2283K, committed 2304K, reserved 1048576K

Card table byte_map: [0x0000000012650000,0x0000000012960000] byte_map_base: 0x0000000012150000

Marking Bits: (ParMarkBitMap*) 0x000000006f344970
 Begin Bits: [0x0000000012f60000, 0x0000000014760000)
 End Bits:   [0x0000000014760000, 0x0000000015f60000)

Polling page: 0x0000000001330000

CodeCache: size=245760Kb used=4994Kb max_used=4994Kb free=240765Kb
 bounds [0x0000000003290000, 0x0000000003780000, 0x0000000012290000]
 total_blobs=1834 nmethods=1461 adapters=286
 compilation: enabled

Compilation events (10 events):
Event: 9.576 Thread 0x0000000016c04000 1468   !   4       java.util.concurrent.ConcurrentHashMap::putVal (362 bytes)
Event: 9.593 Thread 0x0000000016c28800 1469   !   3       org.gradle.internal.classloader.TransformingClassLoader::findClass (203 bytes)
Event: 9.596 Thread 0x0000000016c28800 nmethod 1469 0x0000000003769910 code [0x0000000003769d60, 0x000000000376c538]
Event: 9.596 Thread 0x0000000016c28800 1470       3       org.gradle.initialization.MixInLegacyTypesClassLoader::shouldTransform (42 bytes)
Event: 9.596 Thread 0x0000000016c28800 nmethod 1470 0x0000000003769190 code [0x0000000003769320, 0x0000000003769778]
Event: 9.598 Thread 0x0000000016c28800 1471       3       java.io.WinNTFileSystem::parentOrNull (171 bytes)
Event: 9.599 Thread 0x0000000016c28800 nmethod 1471 0x0000000003770090 code [0x00000000037702c0, 0x0000000003771118]
Event: 9.600 Thread 0x0000000016c04000 nmethod 1468 0x00000000037716d0 code [0x0000000003771880, 0x0000000003772530]
Event: 9.602 Thread 0x0000000016c28800 1472       3       java.lang.String::lastIndexOf (151 bytes)
Event: 9.603 Thread 0x0000000016c28800 nmethod 1472 0x000000000376f510 code [0x000000000376f6c0, 0x000000000376fc10]

GC Heap History (10 events):
Event: 3.360 GC heap before
{Heap before GC invocations=2 (full 0):
 PSYoungGen      total 18432K, used 18400K [0x00000000e0000000, 0x00000000e1480000, 0x0000000100000000)
  eden space 15872K, 100% used [0x00000000e0000000,0x00000000e0f80000,0x00000000e0f80000)
  from space 2560K, 98% used [0x00000000e0f80000,0x00000000e11f82a0,0x00000000e1200000)
  to   space 2560K, 0% used [0x00000000e1200000,0x00000000e1200000,0x00000000e1480000)
 ParOldGen       total 42496K, used 333K [0x00000000a0000000, 0x00000000a2980000, 0x00000000e0000000)
  object space 42496K, 0% used [0x00000000a0000000,0x00000000a0053438,0x00000000a2980000)
 Metaspace       used 6901K, capacity 7038K, committed 7168K, reserved 1056768K
  class space    used 842K, capacity 907K, committed 1024K, reserved 1048576K
Event: 3.365 GC heap after
Heap after GC invocations=2 (full 0):
 PSYoungGen      total 18432K, used 2542K [0x00000000e0000000, 0x00000000e1480000, 0x0000000100000000)
  eden space 15872K, 0% used [0x00000000e0000000,0x00000000e0000000,0x00000000e0f80000)
  from space 2560K, 99% used [0x00000000e1200000,0x00000000e147bae0,0x00000000e1480000)
  to   space 2560K, 0% used [0x00000000e0f80000,0x00000000e0f80000,0x00000000e1200000)
 ParOldGen       total 42496K, used 439K [0x00000000a0000000, 0x00000000a2980000, 0x00000000e0000000)
  object space 42496K, 1% used [0x00000000a0000000,0x00000000a006dfa8,0x00000000a2980000)
 Metaspace       used 6901K, capacity 7038K, committed 7168K, reserved 1056768K
  class space    used 842K, capacity 907K, committed 1024K, reserved 1048576K
}
Event: 4.267 GC heap before
{Heap before GC invocations=3 (full 0):
 PSYoungGen      total 18432K, used 18414K [0x00000000e0000000, 0x00000000e1480000, 0x0000000100000000)
  eden space 15872K, 100% used [0x00000000e0000000,0x00000000e0f80000,0x00000000e0f80000)
  from space 2560K, 99% used [0x00000000e1200000,0x00000000e147bae0,0x00000000e1480000)
  to   space 2560K, 0% used [0x00000000e0f80000,0x00000000e0f80000,0x00000000e1200000)
 ParOldGen       total 42496K, used 439K [0x00000000a0000000, 0x00000000a2980000, 0x00000000e0000000)
  object space 42496K, 1% used [0x00000000a0000000,0x00000000a006dfa8,0x00000000a2980000)
 Metaspace       used 7188K, capacity 7384K, committed 7680K, reserved 1056768K
  class space    used 903K, capacity 980K, committed 1024K, reserved 1048576K
Event: 4.271 GC heap after
Heap after GC invocations=3 (full 0):
 PSYoungGen      total 18432K, used 2528K [0x00000000e0000000, 0x00000000e1480000, 0x0000000100000000)
  eden space 15872K, 0% used [0x00000000e0000000,0x00000000e0000000,0x00000000e0f80000)
  from space 2560K, 98% used [0x00000000e0f80000,0x00000000e11f8040,0x00000000e1200000)
  to   space 2560K, 0% used [0x00000000e1200000,0x00000000e1200000,0x00000000e1480000)
 ParOldGen       total 42496K, used 781K [0x00000000a0000000, 0x00000000a2980000, 0x00000000e0000000)
  object space 42496K, 1% used [0x00000000a0000000,0x00000000a00c36d0,0x00000000a2980000)
 Metaspace       used 7188K, capacity 7384K, committed 7680K, reserved 1056768K
  class space    used 903K, capacity 980K, committed 1024K, reserved 1048576K
}
Event: 7.113 GC heap before
{Heap before GC invocations=4 (full 0):
 PSYoungGen      total 18432K, used 18400K [0x00000000e0000000, 0x00000000e1480000, 0x0000000100000000)
  eden space 15872K, 100% used [0x00000000e0000000,0x00000000e0f80000,0x00000000e0f80000)
  from space 2560K, 98% used [0x00000000e0f80000,0x00000000e11f8040,0x00000000e1200000)
  to   space 2560K, 0% used [0x00000000e1200000,0x00000000e1200000,0x00000000e1480000)
 ParOldGen       total 42496K, used 781K [0x00000000a0000000, 0x00000000a2980000, 0x00000000e0000000)
  object space 42496K, 1% used [0x00000000a0000000,0x00000000a00c36d0,0x00000000a2980000)
 Metaspace       used 10789K, capacity 11064K, committed 11264K, reserved 1058816K
  class space    used 1419K, capacity 1518K, committed 1536K, reserved 1048576K
Event: 7.129 GC heap after
Heap after GC invocations=4 (full 0):
 PSYoungGen      total 18432K, used 2528K [0x00000000e0000000, 0x00000000e1480000, 0x0000000100000000)
  eden space 15872K, 0% used [0x00000000e0000000,0x00000000e0000000,0x00000000e0f80000)
  from space 2560K, 98% used [0x00000000e1200000,0x00000000e1478040,0x00000000e1480000)
  to   space 2560K, 0% used [0x00000000e0f80000,0x00000000e0f80000,0x00000000e1200000)
 ParOldGen       total 42496K, used 2826K [0x00000000a0000000, 0x00000000a2980000, 0x00000000e0000000)
  object space 42496K, 6% used [0x00000000a0000000,0x00000000a02c2820,0x00000000a2980000)
 Metaspace       used 10789K, capacity 11064K, committed 11264K, reserved 1058816K
  class space    used 1419K, capacity 1518K, committed 1536K, reserved 1048576K
}
Event: 8.293 GC heap before
{Heap before GC invocations=5 (full 0):
 PSYoungGen      total 18432K, used 18342K [0x00000000e0000000, 0x00000000e1480000, 0x0000000100000000)
  eden space 15872K, 99% used [0x00000000e0000000,0x00000000e0f717c8,0x00000000e0f80000)
  from space 2560K, 98% used [0x00000000e1200000,0x00000000e1478040,0x00000000e1480000)
  to   space 2560K, 0% used [0x00000000e0f80000,0x00000000e0f80000,0x00000000e1200000)
 ParOldGen       total 42496K, used 2826K [0x00000000a0000000, 0x00000000a2980000, 0x00000000e0000000)
  object space 42496K, 6% used [0x00000000a0000000,0x00000000a02c2820,0x00000000a2980000)
 Metaspace       used 12752K, capacity 13122K, committed 13184K, reserved 1060864K
  class space    used 1744K, capacity 1897K, committed 1920K, reserved 1048576K
Event: 8.300 GC heap after
Heap after GC invocations=5 (full 0):
 PSYoungGen      total 18432K, used 2559K [0x00000000e0000000, 0x00000000e1980000, 0x0000000100000000)
  eden space 15872K, 0% used [0x00000000e0000000,0x00000000e0000000,0x00000000e0f80000)
  from space 2560K, 99% used [0x00000000e0f80000,0x00000000e11ffc30,0x00000000e1200000)
  to   space 5120K, 0% used [0x00000000e1480000,0x00000000e1480000,0x00000000e1980000)
 ParOldGen       total 42496K, used 4698K [0x00000000a0000000, 0x00000000a2980000, 0x00000000e0000000)
  object space 42496K, 11% used [0x00000000a0000000,0x00000000a0496aa0,0x00000000a2980000)
 Metaspace       used 12752K, capacity 13122K, committed 13184K, reserved 1060864K
  class space    used 1744K, capacity 1897K, committed 1920K, reserved 1048576K
}
Event: 9.169 GC heap before
{Heap before GC invocations=6 (full 0):
 PSYoungGen      total 18432K, used 18431K [0x00000000e0000000, 0x00000000e1980000, 0x0000000100000000)
  eden space 15872K, 100% used [0x00000000e0000000,0x00000000e0f80000,0x00000000e0f80000)
  from space 2560K, 99% used [0x00000000e0f80000,0x00000000e11ffc30,0x00000000e1200000)
  to   space 5120K, 0% used [0x00000000e1480000,0x00000000e1480000,0x00000000e1980000)
 ParOldGen       total 42496K, used 4698K [0x00000000a0000000, 0x00000000a2980000, 0x00000000e0000000)
  object space 42496K, 11% used [0x00000000a0000000,0x00000000a0496aa0,0x00000000a2980000)
 Metaspace       used 14164K, capacity 14470K, committed 14720K, reserved 1062912K
  class space    used 1970K, capacity 2091K, committed 2176K, reserved 1048576K
Event: 9.178 GC heap after
Heap after GC invocations=6 (full 0):
 PSYoungGen      total 20480K, used 4369K [0x00000000e0000000, 0x00000000e1a80000, 0x0000000100000000)
  eden space 15360K, 0% used [0x00000000e0000000,0x00000000e0000000,0x00000000e0f00000)
  from space 5120K, 85% used [0x00000000e1480000,0x00000000e18c4638,0x00000000e1980000)
  to   space 5632K, 0% used [0x00000000e0f00000,0x00000000e0f00000,0x00000000e1480000)
 ParOldGen       total 42496K, used 4698K [0x00000000a0000000, 0x00000000a2980000, 0x00000000e0000000)
  object space 42496K, 11% used [0x00000000a0000000,0x00000000a0496aa0,0x00000000a2980000)
 Metaspace       used 14164K, capacity 14470K, committed 14720K, reserved 1062912K
  class space    used 1970K, capacity 2091K, committed 2176K, reserved 1048576K
}

Deoptimization events (10 events):
Event: 5.108 Thread 0x000000000182e000 Uncommon trap: reason=bimorphic action=maybe_recompile pc=0x00000000035ba910 method=java.util.HashMap.putVal(ILjava/lang/Object;Ljava/lang/Object;ZZ)Ljava/lang/Object; @ 203
Event: 5.761 Thread 0x000000000182e000 Uncommon trap: reason=unstable_if action=reinterpret pc=0x000000000354ec1c method=java.io.WinNTFileSystem.normalize(Ljava/lang/String;)Ljava/lang/String; @ 128
Event: 5.761 Thread 0x000000000182e000 Uncommon trap: reason=unstable_if action=reinterpret pc=0x00000000035ab8f4 method=java.io.WinNTFileSystem.normalize(Ljava/lang/String;II)Ljava/lang/String; @ 90
Event: 7.419 Thread 0x0000000018712800 Uncommon trap: reason=unstable_if action=reinterpret pc=0x0000000003627594 method=java.util.concurrent.ConcurrentHashMap.putVal(Ljava/lang/Object;Ljava/lang/Object;Z)Ljava/lang/Object; @ 206
Event: 7.662 Thread 0x0000000018e93000 Uncommon trap: reason=bimorphic action=maybe_recompile pc=0x00000000035b9a68 method=java.util.HashMap.putVal(ILjava/lang/Object;Ljava/lang/Object;ZZ)Ljava/lang/Object; @ 253
Event: 7.662 Thread 0x0000000018e93000 Uncommon trap: reason=bimorphic action=maybe_recompile pc=0x00000000035b9a68 method=java.util.HashMap.putVal(ILjava/lang/Object;Ljava/lang/Object;ZZ)Ljava/lang/Object; @ 253
Event: 7.662 Thread 0x0000000018e93000 Uncommon trap: reason=bimorphic action=maybe_recompile pc=0x00000000035b9a68 method=java.util.HashMap.putVal(ILjava/lang/Object;Ljava/lang/Object;ZZ)Ljava/lang/Object; @ 253
Event: 7.710 Thread 0x0000000018e93000 Uncommon trap: reason=class_check action=maybe_recompile pc=0x00000000035087dc method=java.util.regex.Matcher.match(II)Z @ 86
Event: 9.074 Thread 0x0000000018e93000 Uncommon trap: reason=class_check action=maybe_recompile pc=0x00000000035087dc method=java.util.regex.Matcher.match(II)Z @ 86
Event: 9.301 Thread 0x0000000018e93000 Uncommon trap: reason=unstable_if action=reinterpret pc=0x0000000003703c74 method=java.lang.String.lastIndexOf([CII[CIII)I @ 66

Classes redefined (0 events):
No events

Internal exceptions (10 events):
Event: 7.470 Thread 0x0000000018712800 Exception <a 'java/lang/NoSuchMethodError': <clinit>> (0x00000000e02cd4e0) thrown at [D:\src\AOSP-openjdk-cygwin\jdk8u\hotspot\src\share\vm\prims\jni.cpp, line 1613]
Event: 7.471 Thread 0x0000000018712800 Exception <a 'java/lang/NoSuchMethodError': <clinit>> (0x00000000e02d5fa8) thrown at [D:\src\AOSP-openjdk-cygwin\jdk8u\hotspot\src\share\vm\prims\jni.cpp, line 1613]
Event: 7.473 Thread 0x0000000018712800 Exception <a 'java/lang/NoSuchMethodError': <clinit>> (0x00000000e02e7628) thrown at [D:\src\AOSP-openjdk-cygwin\jdk8u\hotspot\src\share\vm\prims\jni.cpp, line 1613]
Event: 7.505 Thread 0x0000000018712800 Exception <a 'java/lang/NoSuchMethodError': <clinit>> (0x00000000e034cf60) thrown at [D:\src\AOSP-openjdk-cygwin\jdk8u\hotspot\src\share\vm\prims\jni.cpp, line 1613]
Event: 7.509 Thread 0x0000000018712800 Exception <a 'java/lang/NoSuchMethodError': <clinit>> (0x00000000e03706d0) thrown at [D:\src\AOSP-openjdk-cygwin\jdk8u\hotspot\src\share\vm\prims\jni.cpp, line 1613]
Event: 7.513 Thread 0x0000000018712800 Exception <a 'java/lang/NoSuchMethodError': <clinit>> (0x00000000e039a688) thrown at [D:\src\AOSP-openjdk-cygwin\jdk8u\hotspot\src\share\vm\prims\jni.cpp, line 1613]
Event: 7.533 Thread 0x0000000018712800 Exception <a 'java/lang/NoSuchMethodError': <clinit>> (0x00000000e03a8228) thrown at [D:\src\AOSP-openjdk-cygwin\jdk8u\hotspot\src\share\vm\prims\jni.cpp, line 1613]
Event: 7.536 Thread 0x0000000018712800 Exception <a 'java/lang/NoSuchMethodError': <clinit>> (0x00000000e03cb300) thrown at [D:\src\AOSP-openjdk-cygwin\jdk8u\hotspot\src\share\vm\prims\jni.cpp, line 1613]
Event: 7.595 Thread 0x0000000018e93000 Exception <a 'java/lang/NoSuchMethodError': <clinit>> (0x00000000e046d980) thrown at [D:\src\AOSP-openjdk-cygwin\jdk8u\hotspot\src\share\vm\prims\jni.cpp, line 1613]
Event: 7.597 Thread 0x0000000018e93000 Exception <a 'java/lang/NoSuchMethodError': <clinit>> (0x00000000e0475c08) thrown at [D:\src\AOSP-openjdk-cygwin\jdk8u\hotspot\src\share\vm\prims\jni.cpp, line 1613]

Events (10 events):
Event: 9.681 loading class java/lang/annotation/Documented done
Event: 9.681 loading class java/lang/annotation/RetentionPolicy
Event: 9.682 loading class java/lang/annotation/RetentionPolicy done
Event: 9.682 loading class sun/reflect/annotation/AnnotationTypeMismatchExceptionProxy
Event: 9.682 loading class sun/reflect/annotation/ExceptionProxy
Event: 9.682 loading class sun/reflect/annotation/ExceptionProxy done
Event: 9.682 loading class sun/reflect/annotation/AnnotationTypeMismatchExceptionProxy done
Event: 9.682 loading class sun/reflect/annotation/AnnotationParser$1
Event: 9.682 loading class sun/reflect/annotation/AnnotationParser$1 done
Event: 9.682 loading class sun/reflect/annotation/AnnotationInvocationHandler


Dynamic libraries:
0x00007ff7dca40000 - 0x00007ff7dca71000 	C:\Program Files\Android\Android Studio1\jre\bin\java.exe
0x00007ff8d0e50000 - 0x00007ff8d1031000 	C:\WINDOWS\SYSTEM32\ntdll.dll
0x00007ff8d0390000 - 0x00007ff8d0442000 	C:\WINDOWS\System32\KERNEL32.DLL
0x00007ff8cd820000 - 0x00007ff8cda93000 	C:\WINDOWS\System32\KERNELBASE.dll
0x00007ff8d09c0000 - 0x00007ff8d0a61000 	C:\WINDOWS\System32\ADVAPI32.dll
0x00007ff8cfc00000 - 0x00007ff8cfc9e000 	C:\WINDOWS\System32\msvcrt.dll
0x00007ff8d0270000 - 0x00007ff8d02cb000 	C:\WINDOWS\System32\sechost.dll
0x00007ff8cfe10000 - 0x00007ff8cff34000 	C:\WINDOWS\System32\RPCRT4.dll
0x00007ff8d0c60000 - 0x00007ff8d0df0000 	C:\WINDOWS\System32\USER32.dll
0x00007ff8cd610000 - 0x00007ff8cd630000 	C:\WINDOWS\System32\win32u.dll
0x00007ff8d08a0000 - 0x00007ff8d08c8000 	C:\WINDOWS\System32\GDI32.dll
0x00007ff8cd680000 - 0x00007ff8cd812000 	C:\WINDOWS\System32\gdi32full.dll
0x00007ff8cd250000 - 0x00007ff8cd2ef000 	C:\WINDOWS\System32\msvcp_win.dll
0x00007ff8cdaa0000 - 0x00007ff8cdb9a000 	C:\WINDOWS\System32\ucrtbase.dll
0x00007ff8be8e0000 - 0x00007ff8beb49000 	C:\WINDOWS\WinSxS\amd64_microsoft.windows.common-controls_6595b64144ccf1df_6.0.17134.165_none_fb429645306569ac\COMCTL32.dll
0x00007ff8ce2b0000 - 0x00007ff8ce5d3000 	C:\WINDOWS\System32\combase.dll
0x00007ff8cd2f0000 - 0x00007ff8cd36a000 	C:\WINDOWS\System32\bcryptPrimitives.dll
0x00007ff8cfcb0000 - 0x00007ff8cfcdd000 	C:\WINDOWS\System32\IMM32.DLL
0x000000006e990000 - 0x000000006ea62000 	C:\Program Files\Android\Android Studio1\jre\jre\bin\msvcr100.dll
0x000000006eb80000 - 0x000000006f3bf000 	C:\Program Files\Android\Android Studio1\jre\jre\bin\server\jvm.dll
0x00007ff8cfca0000 - 0x00007ff8cfca8000 	C:\WINDOWS\System32\PSAPI.DLL
0x00007ff8bf2c0000 - 0x00007ff8bf2ca000 	C:\WINDOWS\SYSTEM32\VERSION.dll
0x00007ff8c6680000 - 0x00007ff8c6689000 	C:\WINDOWS\SYSTEM32\WSOCK32.dll
0x00007ff8ca950000 - 0x00007ff8ca973000 	C:\WINDOWS\SYSTEM32\WINMM.dll
0x00007ff8d0a70000 - 0x00007ff8d0adc000 	C:\WINDOWS\System32\WS2_32.dll
0x00007ff8ca920000 - 0x00007ff8ca94a000 	C:\WINDOWS\SYSTEM32\winmmbase.dll
0x00007ff8cd630000 - 0x00007ff8cd679000 	C:\WINDOWS\System32\cfgmgr32.dll
0x00007ff8b9540000 - 0x00007ff8b954f000 	C:\Program Files\Android\Android Studio1\jre\jre\bin\verify.dll
0x00007ff8b2110000 - 0x00007ff8b2139000 	C:\Program Files\Android\Android Studio1\jre\jre\bin\java.dll
0x00007ff8b1590000 - 0x00007ff8b15a6000 	C:\Program Files\Android\Android Studio1\jre\jre\bin\zip.dll
0x00007ff8ce6e0000 - 0x00007ff8cfb20000 	C:\WINDOWS\System32\SHELL32.dll
0x00007ff8d02d0000 - 0x00007ff8d0379000 	C:\WINDOWS\System32\shcore.dll
0x00007ff8cdba0000 - 0x00007ff8ce2ad000 	C:\WINDOWS\System32\windows.storage.dll
0x00007ff8cfdb0000 - 0x00007ff8cfe01000 	C:\WINDOWS\System32\shlwapi.dll
0x00007ff8cd160000 - 0x00007ff8cd171000 	C:\WINDOWS\System32\kernel.appcore.dll
0x00007ff8cd1d0000 - 0x00007ff8cd1ef000 	C:\WINDOWS\System32\profapi.dll
0x00007ff8cd180000 - 0x00007ff8cd1cc000 	C:\WINDOWS\System32\powrprof.dll
0x00007ff8cd150000 - 0x00007ff8cd15a000 	C:\WINDOWS\System32\FLTLIB.DLL
0x00007ff8b5310000 - 0x00007ff8b532a000 	C:\Program Files\Android\Android Studio1\jre\jre\bin\net.dll
0x00007ff8cc9b0000 - 0x00007ff8cca16000 	C:\WINDOWS\system32\mswsock.dll
0x00007ff8b4530000 - 0x00007ff8b4541000 	C:\Program Files\Android\Android Studio1\jre\jre\bin\nio.dll
0x00007ff8c6690000 - 0x00007ff8c66ae000 	C:\Users\lenovo\.gradle\native\25\windows-amd64\native-platform.dll
0x00007ff8bfb30000 - 0x00007ff8bfb3d000 	C:\Program Files\Android\Android Studio1\jre\jre\bin\management.dll
0x00007ff8ccb60000 - 0x00007ff8ccb77000 	C:\WINDOWS\SYSTEM32\CRYPTSP.dll
0x00007ff8cc590000 - 0x00007ff8cc5c3000 	C:\WINDOWS\system32\rsaenh.dll
0x00007ff8ccc90000 - 0x00007ff8cccb5000 	C:\WINDOWS\SYSTEM32\bcrypt.dll
0x00007ff8cd030000 - 0x00007ff8cd058000 	C:\WINDOWS\SYSTEM32\USERENV.dll
0x00007ff8ccb80000 - 0x00007ff8ccb8b000 	C:\WINDOWS\SYSTEM32\CRYPTBASE.dll
0x00007ff8cc730000 - 0x00007ff8cc768000 	C:\WINDOWS\SYSTEM32\IPHLPAPI.DLL
0x00007ff8d0380000 - 0x00007ff8d0388000 	C:\WINDOWS\System32\NSI.dll
0x00007ff8c6840000 - 0x00007ff8c6856000 	C:\WINDOWS\SYSTEM32\dhcpcsvc6.DLL
0x00007ff8c6820000 - 0x00007ff8c683a000 	C:\WINDOWS\SYSTEM32\dhcpcsvc.DLL

VM Arguments:
jvm_args: -Xmx1536m -Dfile.encoding=windows-1252 -Duser.country=IN -Duser.language=en -Duser.variant 
java_command: org.gradle.launcher.daemon.bootstrap.GradleDaemon 4.4
java_class_path (initial): C:\Users\lenovo\.gradle\wrapper\dists\gradle-4.4-all\9br9xq1tocpiv8o6njlyu5op1\gradle-4.4\lib\gradle-launcher-4.4.jar
Launcher Type: SUN_STANDARD

Environment Variables:
PATH=C:\Program Files (x86)\Common Files\Oracle\Java\javapath;C:\ProgramData\Anaconda2;C:\ProgramData\Anaconda2\Library\mingw-w64\bin;C:\ProgramData\Anaconda2\Library\usr\bin;C:\ProgramData\Anaconda2\Library\bin;C:\ProgramData\Anaconda2\Scripts;C:\ProgramData\Oracle\Java\javapath;C:\WINDOWS\system32;C:\WINDOWS;C:\WINDOWS\System32\Wbem;C:\WINDOWS\System32\WindowsPowerShell\v1.0\;C:\Program Files (x86)\Java\jdk1.8.0_05\bin;C:\Program Files (x86)\Common Files\lenovo\easyplussdk\bin;C:\Program Files\MySQL\MySQL Server 5.1\bin;C:\WINDOWS\System32\OpenSSH\;C:\Program Files\Microsoft VS Code\bin;C:\Program Files\Git\cmd;C:\Program Files\nodejs\;C:\Users\lenovo\AppData\Local\Programs\Python\Python36\Scripts\;C:\Users\lenovo\AppData\Local\Programs\Python\Python36\;C:\Users\lenovo\AppData\Local\Microsoft\WindowsApps;;C:\Program Files\Microsoft VS Code\bin;C:\Users\lenovo\AppData\Roaming\npm
USERNAME=lenovo
OS=Windows_NT
PROCESSOR_IDENTIFIER=Intel64 Family 6 Model 78 Stepping 3, GenuineIntel



---------------  S Y S T E M  ---------------

OS: Windows 10.0 , 64 bit Build 17134 (10.0.17134.1)

CPU:total 4 (initial active 4) (2 cores per cpu, 2 threads per core) family 6 model 78 stepping 3, cmov, cx8, fxsr, mmx, sse, sse2, sse3, ssse3, sse4.1, sse4.2, popcnt, avx, avx2, aes, clmul, erms, 3dnowpref, lzcnt, ht, tsc, tscinvbit, bmi1, bmi2, adx

Memory: 4k page, physical 4050944k(194004k free), swap 6098944k(5192k free)

vm_info: OpenJDK 64-Bit Server VM (25.152-b02) for windows-amd64 JRE (1.8.0_152-release-1024-b02), built by "builder" with MS VC++ 10.0 (VS2010)

time: Mon Jul 16 16:43:34 2018
elapsed time: 9 seconds (0d 0h 0m 9s)

