#
# There is insufficient memory for the Java Runtime Environment to continue.
# Native memory allocation (malloc) failed to allocate 1514256 bytes for Chunk::new
# Possible reasons:
#   The system is out of physical RAM or swap space
#   In 32 bit mode, the process size limit was hit
# Possible solutions:
#   Reduce memory load on the system
#   Increase physical memory or swap space
#   Check if swap backing store is full
#   Use 64 bit Java on a 64 bit OS
#   Decrease Java heap size (-Xmx/-Xms)
#   Decrease number of Java threads
#   Decrease Java thread stack sizes (-Xss)
#   Set larger code cache with -XX:ReservedCodeCacheSize=
# This output file may be truncated or incomplete.
#
#  Out of Memory Error (allocation.cpp:390), pid=4172, tid=0x000000000000230c
#
# JRE version: OpenJDK Runtime Environment (8.0_152-b02) (build 1.8.0_152-release-1024-b02)
# Java VM: OpenJDK 64-Bit Server VM (25.152-b02 mixed mode windows-amd64 compressed oops)
# Failed to write core dump. Minidumps are not enabled by default on client versions of Windows
#

---------------  T H R E A D  ---------------

Current thread (0x0000000015d8e000):  JavaThread "C2 CompilerThread1" daemon [_thread_in_native, id=8972, stack(0x00000000174e0000,0x00000000175e0000)]

Stack: [0x00000000174e0000,0x00000000175e0000]
[error occurred during error reporting (printing stack bounds), id 0xc0000005]

Native frames: (J=compiled Java code, j=interpreted, Vv=VM code, C=native code)


Current CompileTask:
C2:  58560 5004       4       java.net.URLClassLoader$1::run (5 bytes)


---------------  P R O C E S S  ---------------

Java Threads: ( => current thread )
  0x000000001a908800 JavaThread "Memory manager" [_thread_blocked, id=5876, stack(0x0000000020320000,0x0000000020420000)]
  0x000000001a996800 JavaThread "pool-1-thread-1" [_thread_blocked, id=2248, stack(0x0000000020020000,0x0000000020120000)]
  0x000000001a995000 JavaThread "build operations Thread 4" [_thread_blocked, id=1236, stack(0x000000001fb20000,0x000000001fc20000)]
  0x000000001a99b000 JavaThread "build operations Thread 3" [_thread_blocked, id=7040, stack(0x000000001fa20000,0x000000001fb20000)]
  0x000000001a998000 JavaThread "build operations Thread 2" [_thread_blocked, id=3684, stack(0x000000001f920000,0x000000001fa20000)]
  0x000000001a999800 JavaThread "build operations" [_thread_blocked, id=10400, stack(0x000000001f720000,0x000000001f820000)]
  0x000000001a994000 JavaThread "Cache worker for Artifact transforms cache (C:\Users\lenovo\.gradle\caches\transforms-1)" [_thread_blocked, id=5472, stack(0x000000001f420000,0x000000001f520000)]
  0x0000000018d06000 JavaThread "Cache worker for file hash cache (C:\Users\lenovo\AndroidStudioProjects\FireStor_demo\.gradle\4.4\fileHashes)" [_thread_blocked, id=1344, stack(0x000000001b900000,0x000000001ba00000)]
  0x00000000192bc000 JavaThread "File lock request listener" [_thread_in_native, id=2952, stack(0x000000001b800000,0x000000001b900000)]
  0x00000000183bc000 JavaThread "Cache worker for file hash cache (C:\Users\lenovo\.gradle\caches\4.4\fileHashes)" [_thread_blocked, id=7840, stack(0x000000001b700000,0x000000001b800000)]
  0x0000000017f05000 JavaThread "Stdin handler" [_thread_blocked, id=9344, stack(0x000000001a430000,0x000000001a530000)]
  0x0000000017f04000 JavaThread "Asynchronous log dispatcher for DefaultDaemonConnection: socket connection from /127.0.0.1:53153 to /127.0.0.1:53154" [_thread_blocked, id=116, stack(0x000000001a330000,0x000000001a430000)]
  0x0000000017fcc800 JavaThread "Daemon worker" [_thread_in_native, id=7604, stack(0x000000001a230000,0x000000001a330000)]
  0x00000000177f6000 JavaThread "Cancel handler" [_thread_blocked, id=2384, stack(0x000000001a130000,0x000000001a230000)]
  0x000000001783a000 JavaThread "Handler for socket connection from /127.0.0.1:53153 to /127.0.0.1:53154" [_thread_in_native, id=10724, stack(0x0000000019e30000,0x0000000019f30000)]
  0x0000000017f3c800 JavaThread "Daemon" [_thread_blocked, id=4464, stack(0x0000000019d30000,0x0000000019e30000)]
  0x0000000018533800 JavaThread "Daemon periodic checks" [_thread_blocked, id=3188, stack(0x0000000019c30000,0x0000000019d30000)]
  0x000000001787e000 JavaThread "Incoming local TCP Connector on port 53153" [_thread_in_native, id=8064, stack(0x00000000199f0000,0x0000000019af0000)]
  0x0000000015dee800 JavaThread "Service Thread" daemon [_thread_blocked, id=7836, stack(0x0000000017ae0000,0x0000000017be0000)]
  0x0000000015d9a800 JavaThread "C1 CompilerThread2" daemon [_thread_blocked, id=4484, stack(0x00000000175e0000,0x00000000176e0000)]
=>0x0000000015d8e000 JavaThread "C2 CompilerThread1" daemon [_thread_in_native, id=8972, stack(0x00000000174e0000,0x00000000175e0000)]
  0x0000000015d98000 JavaThread "C2 CompilerThread0" daemon [_thread_in_native, id=4336, stack(0x00000000173e0000,0x00000000174e0000)]
  0x0000000015d97000 JavaThread "Attach Listener" daemon [_thread_blocked, id=10384, stack(0x00000000172e0000,0x00000000173e0000)]
  0x0000000015d95800 JavaThread "Signal Dispatcher" daemon [_thread_blocked, id=9896, stack(0x00000000171e0000,0x00000000172e0000)]
  0x0000000015d78800 JavaThread "Finalizer" daemon [_thread_blocked, id=9064, stack(0x0000000016ff0000,0x00000000170f0000)]
  0x0000000002413000 JavaThread "Reference Handler" daemon [_thread_blocked, id=5508, stack(0x0000000016ef0000,0x0000000016ff0000)]
  0x0000000000a5e000 JavaThread "main" [_thread_blocked, id=2188, stack(0x0000000002220000,0x0000000002320000)]

Other Threads:
  0x0000000015d56800 VMThread [stack: 0x0000000016df0000,0x0000000016ef0000] [id=8100]
  0x0000000017701800 WatcherThread [stack: 0x0000000017be0000,0x0000000017ce0000] [id=2076]

VM state:not at safepoint (normal execution)

VM Mutex/Monitor currently owned by a thread: None

Heap:
 PSYoungGen      total 88064K, used 16295K [0x00000000e0000000, 0x00000000e6a00000, 0x0000000100000000)
  eden space 74752K, 4% used [0x00000000e0000000,0x00000000e02eefd8,0x00000000e4900000)
  from space 13312K, 99% used [0x00000000e5800000,0x00000000e64fad90,0x00000000e6500000)
  to   space 15360K, 0% used [0x00000000e4900000,0x00000000e4900000,0x00000000e5800000)
 ParOldGen       total 56832K, used 19690K [0x00000000a0000000, 0x00000000a3780000, 0x00000000e0000000)
  object space 56832K, 34% used [0x00000000a0000000,0x00000000a133a920,0x00000000a3780000)
 Metaspace       used 48498K, capacity 49742K, committed 50008K, reserved 1091584K
  class space    used 6568K, capacity 6914K, committed 7040K, reserved 1048576K

Card table byte_map: [0x00000000117e0000,0x0000000011af0000] byte_map_base: 0x00000000112e0000

Marking Bits: (ParMarkBitMap*) 0x0000000054934970
 Begin Bits: [0x00000000120f0000, 0x00000000138f0000)
 End Bits:   [0x00000000138f0000, 0x00000000150f0000)

Polling page: 0x00000000009a0000

CodeCache: size=245760Kb used=16568Kb max_used=16568Kb free=229191Kb
 bounds [0x0000000002420000, 0x0000000003460000, 0x0000000011420000]
 total_blobs=5481 nmethods=4739 adapters=654
 compilation: enabled

Compilation events (10 events):
Event: 58.075 Thread 0x0000000015d9a800 5069       3       java.util.Collections$1::<init> (15 bytes)
Event: 58.076 Thread 0x0000000015d9a800 nmethod 5069 0x0000000003432450 code [0x00000000034325a0, 0x0000000003432770]
Event: 58.167 Thread 0x0000000015d9a800 5072       3       com.google.common.collect.Lists::newArrayList (8 bytes)
Event: 58.167 Thread 0x0000000015d9a800 nmethod 5072 0x0000000003432810 code [0x0000000003432980, 0x0000000003432c90]
Event: 58.169 Thread 0x0000000015d9a800 5073       3       org.gradle.api.internal.tasks.AbstractTaskDependency::<init> (5 bytes)
Event: 58.169 Thread 0x0000000015d9a800 nmethod 5073 0x0000000003432e10 code [0x0000000003432f60, 0x0000000003433110]
Event: 58.322 Thread 0x0000000015d9a800 5074       3       org.objectweb.asm.Frame::init (163 bytes)
Event: 58.323 Thread 0x0000000015d9a800 nmethod 5074 0x00000000034331d0 code [0x0000000003433380, 0x0000000003433898]
Event: 58.388 Thread 0x0000000015d9a800 5075       3       com.google.common.base.Joiner::toString (24 bytes)
Event: 58.388 Thread 0x0000000015d9a800 nmethod 5075 0x0000000003433c50 code [0x0000000003433e00, 0x00000000034343d8]

GC Heap History (10 events):
Event: 32.792 GC heap before
{Heap before GC invocations=14 (full 2):
 PSYoungGen      total 54784K, used 8672K [0x00000000e0000000, 0x00000000e4180000, 0x0000000100000000)
  eden space 46080K, 0% used [0x00000000e0000000,0x00000000e0000000,0x00000000e2d00000)
  from space 8704K, 99% used [0x00000000e3680000,0x00000000e3ef8118,0x00000000e3f00000)
  to   space 9728K, 0% used [0x00000000e2d00000,0x00000000e2d00000,0x00000000e3680000)
 ParOldGen       total 36864K, used 9265K [0x00000000a0000000, 0x00000000a2400000, 0x00000000e0000000)
  object space 36864K, 25% used [0x00000000a0000000,0x00000000a090c5b8,0x00000000a2400000)
 Metaspace       used 34756K, capacity 35308K, committed 35416K, reserved 1079296K
  class space    used 4787K, capacity 4972K, committed 4992K, reserved 1048576K
Event: 32.874 GC heap after
Heap after GC invocations=14 (full 2):
 PSYoungGen      total 54784K, used 0K [0x00000000e0000000, 0x00000000e4180000, 0x0000000100000000)
  eden space 46080K, 0% used [0x00000000e0000000,0x00000000e0000000,0x00000000e2d00000)
  from space 8704K, 0% used [0x00000000e3680000,0x00000000e3680000,0x00000000e3f00000)
  to   space 9728K, 0% used [0x00000000e2d00000,0x00000000e2d00000,0x00000000e3680000)
 ParOldGen       total 56832K, used 16114K [0x00000000a0000000, 0x00000000a3780000, 0x00000000e0000000)
  object space 56832K, 28% used [0x00000000a0000000,0x00000000a0fbca38,0x00000000a3780000)
 Metaspace       used 34756K, capacity 35308K, committed 35416K, reserved 1079296K
  class space    used 4787K, capacity 4972K, committed 4992K, reserved 1048576K
}
Event: 34.163 GC heap before
{Heap before GC invocations=15 (full 2):
 PSYoungGen      total 54784K, used 46080K [0x00000000e0000000, 0x00000000e4180000, 0x0000000100000000)
  eden space 46080K, 100% used [0x00000000e0000000,0x00000000e2d00000,0x00000000e2d00000)
  from space 8704K, 0% used [0x00000000e3680000,0x00000000e3680000,0x00000000e3f00000)
  to   space 9728K, 0% used [0x00000000e2d00000,0x00000000e2d00000,0x00000000e3680000)
 ParOldGen       total 56832K, used 16114K [0x00000000a0000000, 0x00000000a3780000, 0x00000000e0000000)
  object space 56832K, 28% used [0x00000000a0000000,0x00000000a0fbca38,0x00000000a3780000)
 Metaspace       used 36689K, capacity 37388K, committed 37464K, reserved 1081344K
  class space    used 5014K, capacity 5238K, committed 5248K, reserved 1048576K
Event: 34.177 GC heap after
Heap after GC invocations=15 (full 2):
 PSYoungGen      total 55808K, used 3376K [0x00000000e0000000, 0x00000000e4e80000, 0x0000000100000000)
  eden space 46080K, 0% used [0x00000000e0000000,0x00000000e0000000,0x00000000e2d00000)
  from space 9728K, 34% used [0x00000000e2d00000,0x00000000e304c2a0,0x00000000e3680000)
  to   space 9728K, 0% used [0x00000000e4500000,0x00000000e4500000,0x00000000e4e80000)
 ParOldGen       total 56832K, used 16122K [0x00000000a0000000, 0x00000000a3780000, 0x00000000e0000000)
  object space 56832K, 28% used [0x00000000a0000000,0x00000000a0fbea38,0x00000000a3780000)
 Metaspace       used 36689K, capacity 37388K, committed 37464K, reserved 1081344K
  class space    used 5014K, capacity 5238K, committed 5248K, reserved 1048576K
}
Event: 36.368 GC heap before
{Heap before GC invocations=16 (full 2):
 PSYoungGen      total 55808K, used 49456K [0x00000000e0000000, 0x00000000e4e80000, 0x0000000100000000)
  eden space 46080K, 100% used [0x00000000e0000000,0x00000000e2d00000,0x00000000e2d00000)
  from space 9728K, 34% used [0x00000000e2d00000,0x00000000e304c2a0,0x00000000e3680000)
  to   space 9728K, 0% used [0x00000000e4500000,0x00000000e4500000,0x00000000e4e80000)
 ParOldGen       total 56832K, used 16122K [0x00000000a0000000, 0x00000000a3780000, 0x00000000e0000000)
  object space 56832K, 28% used [0x00000000a0000000,0x00000000a0fbea38,0x00000000a3780000)
 Metaspace       used 40305K, capacity 41032K, committed 41304K, reserved 1085440K
  class space    used 5490K, capacity 5736K, committed 5760K, reserved 1048576K
Event: 36.382 GC heap after
Heap after GC invocations=16 (full 2):
 PSYoungGen      total 69632K, used 8804K [0x00000000e0000000, 0x00000000e5080000, 0x0000000100000000)
  eden space 59904K, 0% used [0x00000000e0000000,0x00000000e0000000,0x00000000e3a80000)
  from space 9728K, 90% used [0x00000000e4500000,0x00000000e4d990b8,0x00000000e4e80000)
  to   space 10752K, 0% used [0x00000000e3a80000,0x00000000e3a80000,0x00000000e4500000)
 ParOldGen       total 56832K, used 16130K [0x00000000a0000000, 0x00000000a3780000, 0x00000000e0000000)
  object space 56832K, 28% used [0x00000000a0000000,0x00000000a0fc0a38,0x00000000a3780000)
 Metaspace       used 40305K, capacity 41032K, committed 41304K, reserved 1085440K
  class space    used 5490K, capacity 5736K, committed 5760K, reserved 1048576K
}
Event: 53.064 GC heap before
{Heap before GC invocations=17 (full 2):
 PSYoungGen      total 69632K, used 68708K [0x00000000e0000000, 0x00000000e5080000, 0x0000000100000000)
  eden space 59904K, 100% used [0x00000000e0000000,0x00000000e3a80000,0x00000000e3a80000)
  from space 9728K, 90% used [0x00000000e4500000,0x00000000e4d990b8,0x00000000e4e80000)
  to   space 10752K, 0% used [0x00000000e3a80000,0x00000000e3a80000,0x00000000e4500000)
 ParOldGen       total 56832K, used 16130K [0x00000000a0000000, 0x00000000a3780000, 0x00000000e0000000)
  object space 56832K, 28% used [0x00000000a0000000,0x00000000a0fc0a38,0x00000000a3780000)
 Metaspace       used 45529K, capacity 46432K, committed 46680K, reserved 1089536K
  class space    used 6225K, capacity 6487K, committed 6528K, reserved 1048576K
Event: 53.078 GC heap after
Heap after GC invocations=17 (full 2):
 PSYoungGen      total 70656K, used 10748K [0x00000000e0000000, 0x00000000e6500000, 0x0000000100000000)
  eden space 59904K, 0% used [0x00000000e0000000,0x00000000e0000000,0x00000000e3a80000)
  from space 10752K, 99% used [0x00000000e3a80000,0x00000000e44ff300,0x00000000e4500000)
  to   space 13312K, 0% used [0x00000000e5800000,0x00000000e5800000,0x00000000e6500000)
 ParOldGen       total 56832K, used 18576K [0x00000000a0000000, 0x00000000a3780000, 0x00000000e0000000)
  object space 56832K, 32% used [0x00000000a0000000,0x00000000a12240f0,0x00000000a3780000)
 Metaspace       used 45529K, capacity 46432K, committed 46680K, reserved 1089536K
  class space    used 6225K, capacity 6487K, committed 6528K, reserved 1048576K
}
Event: 58.340 GC heap before
{Heap before GC invocations=18 (full 2):
 PSYoungGen      total 70656K, used 70652K [0x00000000e0000000, 0x00000000e6500000, 0x0000000100000000)
  eden space 59904K, 100% used [0x00000000e0000000,0x00000000e3a80000,0x00000000e3a80000)
  from space 10752K, 99% used [0x00000000e3a80000,0x00000000e44ff300,0x00000000e4500000)
  to   space 13312K, 0% used [0x00000000e5800000,0x00000000e5800000,0x00000000e6500000)
 ParOldGen       total 56832K, used 18576K [0x00000000a0000000, 0x00000000a3780000, 0x00000000e0000000)
  object space 56832K, 32% used [0x00000000a0000000,0x00000000a12240f0,0x00000000a3780000)
 Metaspace       used 48284K, capacity 49416K, committed 49624K, reserved 1091584K
  class space    used 6527K, capacity 6857K, committed 6912K, reserved 1048576K
Event: 58.384 GC heap after
Heap after GC invocations=18 (full 2):
 PSYoungGen      total 88064K, used 13291K [0x00000000e0000000, 0x00000000e6a00000, 0x0000000100000000)
  eden space 74752K, 0% used [0x00000000e0000000,0x00000000e0000000,0x00000000e4900000)
  from space 13312K, 99% used [0x00000000e5800000,0x00000000e64fad90,0x00000000e6500000)
  to   space 15360K, 0% used [0x00000000e4900000,0x00000000e4900000,0x00000000e5800000)
 ParOldGen       total 56832K, used 19690K [0x00000000a0000000, 0x00000000a3780000, 0x00000000e0000000)
  object space 56832K, 34% used [0x00000000a0000000,0x00000000a133a920,0x00000000a3780000)
 Metaspace       used 48284K, capacity 49416K, committed 49624K, reserved 1091584K
  class space    used 6527K, capacity 6857K, committed 6912K, reserved 1048576K
}

Deoptimization events (10 events):
Event: 36.731 Thread 0x0000000017fcc800 Uncommon trap: reason=unstable_if action=reinterpret pc=0x000000000306a088 method=java.lang.ClassLoader.checkCerts(Ljava/lang/String;Ljava/security/CodeSource;)V @ 29
Event: 36.731 Thread 0x0000000017fcc800 Uncommon trap: reason=unstable_if action=reinterpret pc=0x000000000305d8fc method=java.lang.ClassLoader.postDefineClass(Ljava/lang/Class;Ljava/security/ProtectionDomain;)V @ 4
Event: 36.824 Thread 0x0000000017fcc800 Uncommon trap: reason=unstable_if action=reinterpret pc=0x0000000002c22844 method=org.codehaus.groovy.runtime.metaclass.MetaMethodIndex.isNonRealMethod(Lgroovy/lang/MetaMethod;)Z @ 4
Event: 36.825 Thread 0x0000000017fcc800 Uncommon trap: reason=unstable_if action=reinterpret pc=0x0000000002cd66b8 method=groovy.lang.MetaClassImpl$1MOPIter.methodNameAction(Ljava/lang/Class;Lorg/codehaus/groovy/runtime/metaclass/MetaMethodIndex$Entry;)V @ 259
Event: 36.883 Thread 0x0000000017fcc800 Uncommon trap: reason=unstable_if action=reinterpret pc=0x0000000003062480 method=java.lang.ClassLoader.checkCerts(Ljava/lang/String;Ljava/security/CodeSource;)V @ 29
Event: 47.269 Thread 0x0000000017fcc800 Uncommon trap: reason=unstable_if action=reinterpret pc=0x0000000002a1bfec method=sun.misc.MetaIndex.mayContain(Ljava/lang/String;)Z @ 38
Event: 47.587 Thread 0x0000000017fcc800 Uncommon trap: reason=unstable_if action=reinterpret pc=0x0000000002555850 method=java.io.DataInputStream.readUTF(Ljava/io/DataInput;)Ljava/lang/String; @ 31
Event: 52.107 Thread 0x0000000017fcc800 Uncommon trap: reason=unstable_if action=reinterpret pc=0x000000000254765c method=java.util.WeakHashMap.remove(Ljava/lang/Object;)Ljava/lang/Object; @ 94
Event: 53.341 Thread 0x0000000017fcc800 Uncommon trap: reason=unstable_if action=reinterpret pc=0x000000000312408c method=java.util.regex.Pattern$BmpCharProperty.match(Ljava/util/regex/Matcher;ILjava/lang/CharSequence;)Z @ 34
Event: 53.341 Thread 0x0000000017fcc800 Uncommon trap: reason=unstable_if action=reinterpret pc=0x0000000002e1c120 method=java.util.regex.Pattern$BmpCharProperty.match(Ljava/util/regex/Matcher;ILjava/lang/CharSequence;)Z @ 34

Classes redefined (0 events):
No events

Internal exceptions (10 events):
Event: 56.042 Thread 0x0000000017fcc800 Exception <a 'sun/nio/fs/WindowsException'> (0x00000000e2ebed50) thrown at [D:\src\AOSP-openjdk-cygwin\jdk8u\hotspot\src\share\vm\prims\jni.cpp, line 709]
Event: 56.042 Thread 0x0000000017fcc800 Exception <a 'sun/nio/fs/WindowsException'> (0x00000000e2ebf9b0) thrown at [D:\src\AOSP-openjdk-cygwin\jdk8u\hotspot\src\share\vm\prims\jni.cpp, line 709]
Event: 56.042 Thread 0x0000000017fcc800 Exception <a 'sun/nio/fs/WindowsException'> (0x00000000e2ec1640) thrown at [D:\src\AOSP-openjdk-cygwin\jdk8u\hotspot\src\share\vm\prims\jni.cpp, line 709]
Event: 56.042 Thread 0x0000000017fcc800 Exception <a 'sun/nio/fs/WindowsException'> (0x00000000e2ec22e0) thrown at [D:\src\AOSP-openjdk-cygwin\jdk8u\hotspot\src\share\vm\prims\jni.cpp, line 709]
Event: 56.073 Thread 0x0000000017fcc800 Exception <a 'java/lang/NoSuchMethodError': java.lang.Object.lambda$comparing$77a9974f$1(Ljava/util/function/Function;Ljava/lang/Object;Ljava/lang/Object;)I> (0x00000000e2f4ff78) thrown at [D:\src\AOSP-openjdk-cygwin\jdk8u\hotspot\src\share\vm\interpreter
Event: 56.074 Thread 0x0000000017fcc800 Exception <a 'java/lang/NoSuchMethodError': java.lang.Object.lambda$thenComparing$36697e65$1(Ljava/util/Comparator;Ljava/lang/Object;Ljava/lang/Object;)I> (0x00000000e2f5b5f8) thrown at [D:\src\AOSP-openjdk-cygwin\jdk8u\hotspot\src\share\vm\interpreter\li
Event: 56.182 Thread 0x0000000017fcc800 Exception <a 'java/lang/NoSuchMethodError': java.lang.Object.lambda$maxBy$1(Ljava/util/Comparator;Ljava/lang/Object;Ljava/lang/Object;)Ljava/lang/Object;> (0x00000000e2ffe820) thrown at [D:\src\AOSP-openjdk-cygwin\jdk8u\hotspot\src\share\vm\interpreter\li
Event: 57.649 Thread 0x0000000017fcc800 Exception <a 'sun/nio/fs/WindowsException'> (0x00000000e3218bd0) thrown at [D:\src\AOSP-openjdk-cygwin\jdk8u\hotspot\src\share\vm\prims\jni.cpp, line 709]
Event: 58.008 Thread 0x0000000017fcc800 Exception <a 'java/lang/ClassNotFoundException': org/gradle/api/plugins/BasePluginConventionBeanInfo> (0x00000000e37e2370) thrown at [D:\src\AOSP-openjdk-cygwin\jdk8u\hotspot\src\share\vm\classfile\systemDictionary.cpp, line 210]
Event: 58.009 Thread 0x0000000017fcc800 Exception <a 'java/lang/ClassNotFoundException': org/gradle/api/plugins/BasePluginConventionCustomizer> (0x00000000e3804b10) thrown at [D:\src\AOSP-openjdk-cygwin\jdk8u\hotspot\src\share\vm\classfile\systemDictionary.cpp, line 210]

Events (10 events):
Event: 58.388 Thread 0x0000000015d9a800 flushing nmethod 0x000000000255f690
Event: 58.388 Thread 0x0000000015d9a800 flushing nmethod 0x0000000002580550
Event: 58.389 loading class com/android/build/gradle/internal/tasks/PlatformAttrExtractorTask$ConfigAction
Event: 58.390 loading class com/android/build/gradle/internal/tasks/PlatformAttrExtractorTask$ConfigAction done
Event: 58.411 loading class com/android/build/gradle/internal/tasks/PlatformAttrExtractorTask
Event: 58.411 loading class com/android/build/gradle/internal/tasks/PlatformAttrExtractorTask done
Event: 58.413 loading class kotlin/Metadata
Event: 58.413 loading class kotlin/Metadata done
Event: 58.413 loading class kotlin/Metadata
Event: 58.413 loading class kotlin/Metadata done


Dynamic libraries:
0x00007ff77f7f0000 - 0x00007ff77f821000 	C:\Program Files\Android\Android Studio1\jre\bin\java.exe
0x00007ffc06420000 - 0x00007ffc06601000 	C:\WINDOWS\SYSTEM32\ntdll.dll
0x00007ffc05cf0000 - 0x00007ffc05da2000 	C:\WINDOWS\System32\KERNEL32.DLL
0x00007ffc02b30000 - 0x00007ffc02da3000 	C:\WINDOWS\System32\KERNELBASE.dll
0x00007ffc06300000 - 0x00007ffc063a1000 	C:\WINDOWS\System32\ADVAPI32.dll
0x00007ffc05a60000 - 0x00007ffc05afe000 	C:\WINDOWS\System32\msvcrt.dll
0x00007ffc05e60000 - 0x00007ffc05ebb000 	C:\WINDOWS\System32\sechost.dll
0x00007ffc05850000 - 0x00007ffc05974000 	C:\WINDOWS\System32\RPCRT4.dll
0x00007ffc06020000 - 0x00007ffc061b0000 	C:\WINDOWS\System32\USER32.dll
0x00007ffc02ab0000 - 0x00007ffc02ad0000 	C:\WINDOWS\System32\win32u.dll
0x00007ffc05cc0000 - 0x00007ffc05ce8000 	C:\WINDOWS\System32\GDI32.dll
0x00007ffc02db0000 - 0x00007ffc02f42000 	C:\WINDOWS\System32\gdi32full.dll
0x00007ffc03050000 - 0x00007ffc030ef000 	C:\WINDOWS\System32\msvcp_win.dll
0x00007ffc027c0000 - 0x00007ffc028ba000 	C:\WINDOWS\System32\ucrtbase.dll
0x00007ffbf3ba0000 - 0x00007ffbf3e09000 	C:\WINDOWS\WinSxS\amd64_microsoft.windows.common-controls_6595b64144ccf1df_6.0.17134.165_none_fb429645306569ac\COMCTL32.dll
0x00007ffc03a20000 - 0x00007ffc03d43000 	C:\WINDOWS\System32\combase.dll
0x00007ffc03800000 - 0x00007ffc0387a000 	C:\WINDOWS\System32\bcryptPrimitives.dll
0x00007ffc05c90000 - 0x00007ffc05cbd000 	C:\WINDOWS\System32\IMM32.DLL
0x0000000054090000 - 0x0000000054162000 	C:\Program Files\Android\Android Studio1\jre\jre\bin\msvcr100.dll
0x0000000054170000 - 0x00000000549af000 	C:\Program Files\Android\Android Studio1\jre\jre\bin\server\jvm.dll
0x00007ffc05c80000 - 0x00007ffc05c88000 	C:\WINDOWS\System32\PSAPI.DLL
0x00007ffbff510000 - 0x00007ffbff519000 	C:\WINDOWS\SYSTEM32\WSOCK32.dll
0x00007ffbf4fa0000 - 0x00007ffbf4faa000 	C:\WINDOWS\SYSTEM32\VERSION.dll
0x00007ffc06210000 - 0x00007ffc0627c000 	C:\WINDOWS\System32\WS2_32.dll
0x00007ffbff2e0000 - 0x00007ffbff303000 	C:\WINDOWS\SYSTEM32\WINMM.dll
0x00007ffbff2b0000 - 0x00007ffbff2da000 	C:\WINDOWS\SYSTEM32\winmmbase.dll
0x00007ffc03000000 - 0x00007ffc03049000 	C:\WINDOWS\System32\cfgmgr32.dll
0x00007ffbfe3e0000 - 0x00007ffbfe3ef000 	C:\Program Files\Android\Android Studio1\jre\jre\bin\verify.dll
0x00007ffbfa170000 - 0x00007ffbfa199000 	C:\Program Files\Android\Android Studio1\jre\jre\bin\java.dll
0x00007ffbfcfa0000 - 0x00007ffbfcfb6000 	C:\Program Files\Android\Android Studio1\jre\jre\bin\zip.dll
0x00007ffc03d50000 - 0x00007ffc05190000 	C:\WINDOWS\System32\SHELL32.dll
0x00007ffc05db0000 - 0x00007ffc05e59000 	C:\WINDOWS\System32\shcore.dll
0x00007ffc030f0000 - 0x00007ffc037fd000 	C:\WINDOWS\System32\windows.storage.dll
0x00007ffc05bc0000 - 0x00007ffc05c11000 	C:\WINDOWS\System32\shlwapi.dll
0x00007ffc02780000 - 0x00007ffc02791000 	C:\WINDOWS\System32\kernel.appcore.dll
0x00007ffc027a0000 - 0x00007ffc027bf000 	C:\WINDOWS\System32\profapi.dll
0x00007ffc02730000 - 0x00007ffc0277c000 	C:\WINDOWS\System32\powrprof.dll
0x00007ffc02720000 - 0x00007ffc0272a000 	C:\WINDOWS\System32\FLTLIB.DLL
0x00007ffbfc170000 - 0x00007ffbfc18a000 	C:\Program Files\Android\Android Studio1\jre\jre\bin\net.dll
0x00007ffc01f80000 - 0x00007ffc01fe6000 	C:\WINDOWS\system32\mswsock.dll
0x00007ffbf7250000 - 0x00007ffbf7261000 	C:\Program Files\Android\Android Studio1\jre\jre\bin\nio.dll
0x00007ffbff350000 - 0x00007ffbff36e000 	C:\Users\lenovo\.gradle\native\25\windows-amd64\native-platform.dll
0x00007ffbfe3d0000 - 0x00007ffbfe3dd000 	C:\Program Files\Android\Android Studio1\jre\jre\bin\management.dll
0x00007ffc02130000 - 0x00007ffc02147000 	C:\WINDOWS\SYSTEM32\CRYPTSP.dll
0x00007ffc01b60000 - 0x00007ffc01b93000 	C:\WINDOWS\system32\rsaenh.dll
0x00007ffc02260000 - 0x00007ffc02285000 	C:\WINDOWS\SYSTEM32\bcrypt.dll
0x00007ffc02630000 - 0x00007ffc02658000 	C:\WINDOWS\SYSTEM32\USERENV.dll
0x00007ffc02150000 - 0x00007ffc0215b000 	C:\WINDOWS\SYSTEM32\CRYPTBASE.dll
0x00007ffc01d00000 - 0x00007ffc01d38000 	C:\WINDOWS\SYSTEM32\IPHLPAPI.DLL
0x00007ffc063b0000 - 0x00007ffc063b8000 	C:\WINDOWS\System32\NSI.dll
0x00007ffbf9b40000 - 0x00007ffbf9b56000 	C:\WINDOWS\SYSTEM32\dhcpcsvc6.DLL
0x00007ffbf9b20000 - 0x00007ffbf9b3a000 	C:\WINDOWS\SYSTEM32\dhcpcsvc.DLL

VM Arguments:
jvm_args: -Xmx1536m -Dfile.encoding=windows-1252 -Duser.country=IN -Duser.language=en -Duser.variant 
java_command: org.gradle.launcher.daemon.bootstrap.GradleDaemon 4.4
java_class_path (initial): C:\Users\lenovo\.gradle\wrapper\dists\gradle-4.4-all\9br9xq1tocpiv8o6njlyu5op1\gradle-4.4\lib\gradle-launcher-4.4.jar
Launcher Type: SUN_STANDARD

Environment Variables:
PATH=C:\Program Files (x86)\Common Files\Oracle\Java\javapath;C:\ProgramData\Anaconda2;C:\ProgramData\Anaconda2\Library\mingw-w64\bin;C:\ProgramData\Anaconda2\Library\usr\bin;C:\ProgramData\Anaconda2\Library\bin;C:\ProgramData\Anaconda2\Scripts;C:\ProgramData\Oracle\Java\javapath;C:\WINDOWS\system32;C:\WINDOWS;C:\WINDOWS\System32\Wbem;C:\WINDOWS\System32\WindowsPowerShell\v1.0\;C:\Program Files (x86)\Java\jdk1.8.0_05\bin;C:\Program Files (x86)\Common Files\lenovo\easyplussdk\bin;C:\Program Files\MySQL\MySQL Server 5.1\bin;C:\WINDOWS\System32\OpenSSH\;C:\Program Files\Microsoft VS Code\bin;C:\Program Files\Git\cmd;C:\Program Files\nodejs\;C:\Users\lenovo\AppData\Local\Programs\Python\Python36\Scripts\;C:\Users\lenovo\AppData\Local\Programs\Python\Python36\;C:\Users\lenovo\AppData\Local\Microsoft\WindowsApps;;C:\Program Files\Microsoft VS Code\bin;C:\Users\lenovo\AppData\Roaming\npm
USERNAME=lenovo
OS=Windows_NT
PROCESSOR_IDENTIFIER=Intel64 Family 6 Model 78 Stepping 3, GenuineIntel



---------------  S Y S T E M  ---------------

OS: Windows 10.0 , 64 bit Build 17134 (10.0.17134.1)

CPU:total 4 (initial active 4) (2 cores per cpu, 2 threads per core) family 6 model 78 stepping 3, cmov, cx8, fxsr, mmx, sse, sse2, sse3, ssse3, sse4.1, sse4.2, popcnt, avx, avx2, aes, clmul, erms, 3dnowpref, lzcnt, ht, tsc, tscinvbit, bmi1, bmi2, adx

Memory: 4k page, physical 4050944k(367284k free), swap 6098944k(6716k free)

vm_info: OpenJDK 64-Bit Server VM (25.152-b02) for windows-amd64 JRE (1.8.0_152-release-1024-b02), built by "builder" with MS VC++ 10.0 (VS2010)

time: Mon Jul 16 21:34:28 2018
elapsed time: 58 seconds (0d 0h 0m 58s)

