#
# There is insufficient memory for the Java Runtime Environment to continue.
# Native memory allocation (malloc) failed to allocate 800336 bytes for Chunk::new
# Possible reasons:
#   The system is out of physical RAM or swap space
#   In 32 bit mode, the process size limit was hit
# Possible solutions:
#   Reduce memory load on the system
#   Increase physical memory or swap space
#   Check if swap backing store is full
#   Use 64 bit Java on a 64 bit OS
#   Decrease Java heap size (-Xmx/-Xms)
#   Decrease number of Java threads
#   Decrease Java thread stack sizes (-Xss)
#   Set larger code cache with -XX:ReservedCodeCacheSize=
# This output file may be truncated or incomplete.
#
#  Out of Memory Error (allocation.cpp:390), pid=5016, tid=0x0000000000000720
#
# JRE version: OpenJDK Runtime Environment (8.0_152-b02) (build 1.8.0_152-release-1024-b02)
# Java VM: OpenJDK 64-Bit Server VM (25.152-b02 mixed mode windows-amd64 compressed oops)
# Failed to write core dump. Minidumps are not enabled by default on client versions of Windows
#

---------------  T H R E A D  ---------------

Current thread (0x0000000016bf4000):  JavaThread "C2 CompilerThread1" daemon [_thread_in_native, id=1824, stack(0x0000000018330000,0x0000000018430000)]

Stack: [0x0000000018330000,0x0000000018430000]
[error occurred during error reporting (printing stack bounds), id 0xc0000005]

Native frames: (J=compiled Java code, j=interpreted, Vv=VM code, C=native code)


Current CompileTask:
C2:  12930 3506       4       java.lang.reflect.Method::toString (20 bytes)


---------------  P R O C E S S  ---------------

Java Threads: ( => current thread )
  0x000000001badb000 JavaThread "Memory manager" [_thread_blocked, id=5056, stack(0x00000000212a0000,0x00000000213a0000)]
  0x000000001bad9800 JavaThread "pool-1-thread-1" [_thread_blocked, id=5340, stack(0x0000000020fa0000,0x00000000210a0000)]
  0x000000001bad5800 JavaThread "build operations Thread 4" [_thread_blocked, id=10044, stack(0x0000000020aa0000,0x0000000020ba0000)]
  0x000000001bad6800 JavaThread "build operations Thread 3" [_thread_blocked, id=10428, stack(0x00000000209a0000,0x0000000020aa0000)]
  0x000000001bad7000 JavaThread "build operations Thread 2" [_thread_blocked, id=1016, stack(0x00000000208a0000,0x00000000209a0000)]
  0x000000001bad5000 JavaThread "build operations" [_thread_blocked, id=8104, stack(0x000000001ece0000,0x000000001ede0000)]
  0x0000000019bf8800 JavaThread "Cache worker for Artifact transforms cache (C:\Users\lenovo\.gradle\caches\transforms-1)" [_thread_blocked, id=8624, stack(0x000000001db40000,0x000000001dc40000)]
  0x0000000019bf7000 JavaThread "Cache worker for file hash cache (C:\Users\lenovo\AndroidStudioProjects\FireStor_demo\.gradle\4.4\fileHashes)" [_thread_blocked, id=11164, stack(0x000000001c870000,0x000000001c970000)]
  0x0000000019bfc000 JavaThread "File lock request listener" [_thread_in_native, id=8704, stack(0x000000001b680000,0x000000001b780000)]
  0x0000000019bf6000 JavaThread "Cache worker for file hash cache (C:\Users\lenovo\.gradle\caches\4.4\fileHashes)" [_thread_blocked, id=7044, stack(0x000000001b580000,0x000000001b680000)]
  0x0000000019bfb800 JavaThread "Stdin handler" [_thread_blocked, id=1976, stack(0x000000001b280000,0x000000001b380000)]
  0x0000000019bfa800 JavaThread "Asynchronous log dispatcher for DefaultDaemonConnection: socket connection from /127.0.0.1:53244 to /127.0.0.1:53245" [_thread_blocked, id=10056, stack(0x000000001b180000,0x000000001b280000)]
  0x0000000019bf5800 JavaThread "Daemon worker" [_thread_in_native, id=552, stack(0x000000001b080000,0x000000001b180000)]
  0x0000000019b6d800 JavaThread "Cancel handler" [_thread_blocked, id=10036, stack(0x000000001af80000,0x000000001b080000)]
  0x0000000019b34000 JavaThread "Handler for socket connection from /127.0.0.1:53244 to /127.0.0.1:53245" [_thread_in_native, id=3792, stack(0x000000001ac80000,0x000000001ad80000)]
  0x0000000019b27800 JavaThread "Daemon" [_thread_blocked, id=9600, stack(0x000000001ab80000,0x000000001ac80000)]
  0x0000000019b17800 JavaThread "Daemon periodic checks" [_thread_blocked, id=5916, stack(0x000000001aa80000,0x000000001ab80000)]
  0x0000000019b06800 JavaThread "Incoming local TCP Connector on port 53244" [_thread_in_native, id=9060, stack(0x000000001a840000,0x000000001a940000)]
  0x0000000018558800 JavaThread "Service Thread" daemon [_thread_blocked, id=6832, stack(0x0000000018930000,0x0000000018a30000)]
  0x0000000016bfb800 JavaThread "C1 CompilerThread2" daemon [_thread_blocked, id=5512, stack(0x0000000018430000,0x0000000018530000)]
=>0x0000000016bf4000 JavaThread "C2 CompilerThread1" daemon [_thread_in_native, id=1824, stack(0x0000000018330000,0x0000000018430000)]
  0x0000000016bee000 JavaThread "C2 CompilerThread0" daemon [_thread_in_native, id=6628, stack(0x0000000018230000,0x0000000018330000)]
  0x0000000016bec800 JavaThread "Attach Listener" daemon [_thread_blocked, id=2876, stack(0x0000000018130000,0x0000000018230000)]
  0x0000000016beb000 JavaThread "Signal Dispatcher" daemon [_thread_blocked, id=4236, stack(0x0000000018030000,0x0000000018130000)]
  0x0000000003278000 JavaThread "Finalizer" daemon [_thread_blocked, id=1276, stack(0x0000000017e40000,0x0000000017f40000)]
  0x0000000003272000 JavaThread "Reference Handler" daemon [_thread_blocked, id=9092, stack(0x0000000017d40000,0x0000000017e40000)]
  0x000000000307e000 JavaThread "main" [_thread_blocked, id=9808, stack(0x0000000003080000,0x0000000003180000)]

Other Threads:
  0x0000000016bb6800 VMThread [stack: 0x0000000017c40000,0x0000000017d40000] [id=7924]
  0x0000000016c4d800 WatcherThread [stack: 0x0000000018a30000,0x0000000018b30000] [id=8616]

VM state:not at safepoint (normal execution)

VM Mutex/Monitor currently owned by a thread: None

Heap:
 PSYoungGen      total 90624K, used 49584K [0x00000000e0000000, 0x00000000e6300000, 0x0000000100000000)
  eden space 80384K, 61% used [0x00000000e0000000,0x00000000e306c2e0,0x00000000e4e80000)
  from space 10240K, 0% used [0x00000000e5880000,0x00000000e5880000,0x00000000e6280000)
  to   space 10240K, 0% used [0x00000000e4e80000,0x00000000e4e80000,0x00000000e5880000)
 ParOldGen       total 56832K, used 16114K [0x00000000a0000000, 0x00000000a3780000, 0x00000000e0000000)
  object space 56832K, 28% used [0x00000000a0000000,0x00000000a0fbcac0,0x00000000a3780000)
 Metaspace       used 36900K, capacity 37548K, committed 37848K, reserved 1081344K
  class space    used 5052K, capacity 5270K, committed 5376K, reserved 1048576K

Card table byte_map: [0x0000000012640000,0x0000000012950000] byte_map_base: 0x0000000012140000

Marking Bits: (ParMarkBitMap*) 0x0000000054934970
 Begin Bits: [0x0000000012f50000, 0x0000000014750000)
 End Bits:   [0x0000000014750000, 0x0000000015f50000)

Polling page: 0x0000000001790000

CodeCache: size=245760Kb used=11636Kb max_used=11636Kb free=234123Kb
 bounds [0x0000000003280000, 0x0000000003df0000, 0x0000000012280000]
 total_blobs=4084 nmethods=3380 adapters=616
 compilation: enabled

Compilation events (10 events):
Event: 12.820 Thread 0x0000000016bfb800 3658   !   3       java.util.Formatter$FormatSpecifier::width (59 bytes)
Event: 12.821 Thread 0x0000000016bfb800 nmethod 3658 0x0000000003db9bd0 code [0x0000000003db9d60, 0x0000000003dba0b8]
Event: 12.821 Thread 0x0000000016bfb800 3659   !   3       java.util.Formatter$FormatSpecifier::precision (63 bytes)
Event: 12.821 Thread 0x0000000016bfb800 nmethod 3659 0x0000000003dba290 code [0x0000000003dba440, 0x0000000003dba848]
Event: 12.821 Thread 0x0000000016bfb800 3660       3       java.util.Formatter$FormatSpecifier::conversion (94 bytes)
Event: 12.822 Thread 0x0000000016bfb800 nmethod 3660 0x0000000003dbaa90 code [0x0000000003dbad00, 0x0000000003dbbb48]
Event: 12.822 Thread 0x0000000016bfb800 3653       3       java.util.EnumMap$EntryIterator::<init> (12 bytes)
Event: 12.823 Thread 0x0000000016bfb800 nmethod 3653 0x0000000003dbc350 code [0x0000000003dbc4c0, 0x0000000003dbc770]
Event: 12.823 Thread 0x0000000016bfb800 3665       1       org.gradle.model.internal.manage.schema.extract.DefaultModelSchemaExtractionContext::getChildren (5 bytes)
Event: 12.823 Thread 0x0000000016bfb800 nmethod 3665 0x0000000003dbc890 code [0x0000000003dbc9e0, 0x0000000003dbcaf0]

GC Heap History (10 events):
Event: 5.396 GC heap before
{Heap before GC invocations=8 (full 1):
 PSYoungGen      total 70144K, used 6131K [0x00000000e0000000, 0x00000000e4d00000, 0x0000000100000000)
  eden space 62464K, 0% used [0x00000000e0000000,0x00000000e0000000,0x00000000e3d00000)
  from space 7680K, 79% used [0x00000000e3d00000,0x00000000e42fcf48,0x00000000e4480000)
  to   space 6656K, 0% used [0x00000000e4480000,0x00000000e4480000,0x00000000e4b00000)
 ParOldGen       total 42496K, used 7098K [0x00000000a0000000, 0x00000000a2980000, 0x00000000e0000000)
  object space 42496K, 16% used [0x00000000a0000000,0x00000000a06eea10,0x00000000a2980000)
 Metaspace       used 20806K, capacity 21184K, committed 21248K, reserved 1067008K
  class space    used 2901K, capacity 3038K, committed 3072K, reserved 1048576K
Event: 5.468 GC heap after
Heap after GC invocations=8 (full 1):
 PSYoungGen      total 70144K, used 0K [0x00000000e0000000, 0x00000000e4d00000, 0x0000000100000000)
  eden space 62464K, 0% used [0x00000000e0000000,0x00000000e0000000,0x00000000e3d00000)
  from space 7680K, 0% used [0x00000000e3d00000,0x00000000e3d00000,0x00000000e4480000)
  to   space 6656K, 0% used [0x00000000e4480000,0x00000000e4480000,0x00000000e4b00000)
 ParOldGen       total 35328K, used 8222K [0x00000000a0000000, 0x00000000a2280000, 0x00000000e0000000)
  object space 35328K, 23% used [0x00000000a0000000,0x00000000a0807bf0,0x00000000a2280000)
 Metaspace       used 20806K, capacity 21184K, committed 21248K, reserved 1067008K
  class space    used 2901K, capacity 3038K, committed 3072K, reserved 1048576K
}
Event: 7.714 GC heap before
{Heap before GC invocations=9 (full 1):
 PSYoungGen      total 70144K, used 62464K [0x00000000e0000000, 0x00000000e4d00000, 0x0000000100000000)
  eden space 62464K, 100% used [0x00000000e0000000,0x00000000e3d00000,0x00000000e3d00000)
  from space 7680K, 0% used [0x00000000e3d00000,0x00000000e3d00000,0x00000000e4480000)
  to   space 6656K, 0% used [0x00000000e4480000,0x00000000e4480000,0x00000000e4b00000)
 ParOldGen       total 35328K, used 8222K [0x00000000a0000000, 0x00000000a2280000, 0x00000000e0000000)
  object space 35328K, 23% used [0x00000000a0000000,0x00000000a0807bf0,0x00000000a2280000)
 Metaspace       used 26390K, capacity 26874K, committed 27136K, reserved 1073152K
  class space    used 3619K, capacity 3795K, committed 3840K, reserved 1048576K
Event: 7.737 GC heap after
Heap after GC invocations=9 (full 1):
 PSYoungGen      total 69120K, used 6653K [0x00000000e0000000, 0x00000000e4d00000, 0x0000000100000000)
  eden space 62464K, 0% used [0x00000000e0000000,0x00000000e0000000,0x00000000e3d00000)
  from space 6656K, 99% used [0x00000000e4480000,0x00000000e4aff6a0,0x00000000e4b00000)
  to   space 7680K, 0% used [0x00000000e3d00000,0x00000000e3d00000,0x00000000e4480000)
 ParOldGen       total 35328K, used 8596K [0x00000000a0000000, 0x00000000a2280000, 0x00000000e0000000)
  object space 35328K, 24% used [0x00000000a0000000,0x00000000a08650c8,0x00000000a2280000)
 Metaspace       used 26390K, capacity 26874K, committed 27136K, reserved 1073152K
  class space    used 3619K, capacity 3795K, committed 3840K, reserved 1048576K
}
Event: 10.360 GC heap before
{Heap before GC invocations=10 (full 1):
 PSYoungGen      total 69120K, used 69117K [0x00000000e0000000, 0x00000000e4d00000, 0x0000000100000000)
  eden space 62464K, 100% used [0x00000000e0000000,0x00000000e3d00000,0x00000000e3d00000)
  from space 6656K, 99% used [0x00000000e4480000,0x00000000e4aff6a0,0x00000000e4b00000)
  to   space 7680K, 0% used [0x00000000e3d00000,0x00000000e3d00000,0x00000000e4480000)
 ParOldGen       total 35328K, used 8596K [0x00000000a0000000, 0x00000000a2280000, 0x00000000e0000000)
  object space 35328K, 24% used [0x00000000a0000000,0x00000000a08650c8,0x00000000a2280000)
 Metaspace       used 29895K, capacity 30350K, committed 30592K, reserved 1075200K
  class space    used 4183K, capacity 4354K, committed 4480K, reserved 1048576K
Event: 10.374 GC heap after
Heap after GC invocations=10 (full 1):
 PSYoungGen      total 70144K, used 7649K [0x00000000e0000000, 0x00000000e6280000, 0x0000000100000000)
  eden space 62464K, 0% used [0x00000000e0000000,0x00000000e0000000,0x00000000e3d00000)
  from space 7680K, 99% used [0x00000000e3d00000,0x00000000e44784b8,0x00000000e4480000)
  to   space 10240K, 0% used [0x00000000e5880000,0x00000000e5880000,0x00000000e6280000)
 ParOldGen       total 35328K, used 9803K [0x00000000a0000000, 0x00000000a2280000, 0x00000000e0000000)
  object space 35328K, 27% used [0x00000000a0000000,0x00000000a0992dd0,0x00000000a2280000)
 Metaspace       used 29895K, capacity 30350K, committed 30592K, reserved 1075200K
  class space    used 4183K, capacity 4354K, committed 4480K, reserved 1048576K
}
Event: 11.858 GC heap before
{Heap before GC invocations=11 (full 1):
 PSYoungGen      total 70144K, used 35280K [0x00000000e0000000, 0x00000000e6280000, 0x0000000100000000)
  eden space 62464K, 44% used [0x00000000e0000000,0x00000000e1afbec8,0x00000000e3d00000)
  from space 7680K, 99% used [0x00000000e3d00000,0x00000000e44784b8,0x00000000e4480000)
  to   space 10240K, 0% used [0x00000000e5880000,0x00000000e5880000,0x00000000e6280000)
 ParOldGen       total 35328K, used 9803K [0x00000000a0000000, 0x00000000a2280000, 0x00000000e0000000)
  object space 35328K, 27% used [0x00000000a0000000,0x00000000a0992dd0,0x00000000a2280000)
 Metaspace       used 34678K, capacity 35244K, committed 35416K, reserved 1079296K
  class space    used 4780K, capacity 4972K, committed 4992K, reserved 1048576K
Event: 11.880 GC heap after
Heap after GC invocations=11 (full 1):
 PSYoungGen      total 90624K, used 6697K [0x00000000e0000000, 0x00000000e6300000, 0x0000000100000000)
  eden space 80384K, 0% used [0x00000000e0000000,0x00000000e0000000,0x00000000e4e80000)
  from space 10240K, 65% used [0x00000000e5880000,0x00000000e5f0a5c0,0x00000000e6280000)
  to   space 10240K, 0% used [0x00000000e4e80000,0x00000000e4e80000,0x00000000e5880000)
 ParOldGen       total 35328K, used 12788K [0x00000000a0000000, 0x00000000a2280000, 0x00000000e0000000)
  object space 35328K, 36% used [0x00000000a0000000,0x00000000a0c7d170,0x00000000a2280000)
 Metaspace       used 34678K, capacity 35244K, committed 35416K, reserved 1079296K
  class space    used 4780K, capacity 4972K, committed 4992K, reserved 1048576K
}
Event: 11.880 GC heap before
{Heap before GC invocations=12 (full 2):
 PSYoungGen      total 90624K, used 6697K [0x00000000e0000000, 0x00000000e6300000, 0x0000000100000000)
  eden space 80384K, 0% used [0x00000000e0000000,0x00000000e0000000,0x00000000e4e80000)
  from space 10240K, 65% used [0x00000000e5880000,0x00000000e5f0a5c0,0x00000000e6280000)
  to   space 10240K, 0% used [0x00000000e4e80000,0x00000000e4e80000,0x00000000e5880000)
 ParOldGen       total 35328K, used 12788K [0x00000000a0000000, 0x00000000a2280000, 0x00000000e0000000)
  object space 35328K, 36% used [0x00000000a0000000,0x00000000a0c7d170,0x00000000a2280000)
 Metaspace       used 34678K, capacity 35244K, committed 35416K, reserved 1079296K
  class space    used 4780K, capacity 4972K, committed 4992K, reserved 1048576K
Event: 11.997 GC heap after
Heap after GC invocations=12 (full 2):
 PSYoungGen      total 90624K, used 0K [0x00000000e0000000, 0x00000000e6300000, 0x0000000100000000)
  eden space 80384K, 0% used [0x00000000e0000000,0x00000000e0000000,0x00000000e4e80000)
  from space 10240K, 0% used [0x00000000e5880000,0x00000000e5880000,0x00000000e6280000)
  to   space 10240K, 0% used [0x00000000e4e80000,0x00000000e4e80000,0x00000000e5880000)
 ParOldGen       total 56832K, used 16114K [0x00000000a0000000, 0x00000000a3780000, 0x00000000e0000000)
  object space 56832K, 28% used [0x00000000a0000000,0x00000000a0fbcac0,0x00000000a3780000)
 Metaspace       used 34678K, capacity 35244K, committed 35416K, reserved 1079296K
  class space    used 4780K, capacity 4972K, committed 4992K, reserved 1048576K
}

Deoptimization events (10 events):
Event: 10.756 Thread 0x0000000019bf5800 Uncommon trap: reason=unstable_if action=reinterpret pc=0x0000000003bbb4d0 method=java.util.regex.Pattern.has(I)Z @ 6
Event: 11.060 Thread 0x0000000019bf5800 Uncommon trap: reason=predicate action=maybe_recompile pc=0x000000000382f72c method=java.util.Arrays.binarySearch0([Ljava/lang/Object;IILjava/lang/Object;Ljava/util/Comparator;)I @ 28
Event: 11.060 Thread 0x0000000019bf5800 Uncommon trap: reason=predicate action=maybe_recompile pc=0x0000000003a5a508 method=java.util.Arrays.binarySearch0([Ljava/lang/Object;IILjava/lang/Object;Ljava/util/Comparator;)I @ 28
Event: 11.220 Thread 0x0000000019bf5800 Uncommon trap: reason=unstable_if action=reinterpret pc=0x00000000038e6460 method=sun.misc.MetaIndex.mayContain(Ljava/lang/String;)Z @ 38
Event: 12.405 Thread 0x0000000019bf5800 Uncommon trap: reason=unstable_if action=reinterpret pc=0x0000000003a72f34 method=java.util.concurrent.ConcurrentHashMap.get(Ljava/lang/Object;)Ljava/lang/Object; @ 76
Event: 12.626 Thread 0x0000000019bf5800 Uncommon trap: reason=unstable_if action=reinterpret pc=0x0000000003b8a1f8 method=java.util.HashMap.putVal(ILjava/lang/Object;Ljava/lang/Object;ZZ)Ljava/lang/Object; @ 162
Event: 12.627 Thread 0x0000000019bf5800 Uncommon trap: reason=unstable_if action=reinterpret pc=0x0000000003b88668 method=java.util.HashMap.putVal(ILjava/lang/Object;Ljava/lang/Object;ZZ)Ljava/lang/Object; @ 162
Event: 12.627 Thread 0x0000000019bf5800 Uncommon trap: reason=unstable_if action=reinterpret pc=0x00000000036fc840 method=java.util.HashMap.resize()[Ljava/util/HashMap$Node; @ 206
Event: 12.731 Thread 0x0000000019bf5800 Uncommon trap: reason=unstable_if action=reinterpret pc=0x0000000003d404a0 method=java.lang.reflect.Modifier.toString(I)Ljava/lang/String; @ 123
Event: 12.733 Thread 0x0000000019bf5800 Uncommon trap: reason=unstable_if action=reinterpret pc=0x0000000003d4b630 method=java.lang.reflect.Modifier.toString(I)Ljava/lang/String; @ 123

Classes redefined (0 events):
No events

Internal exceptions (10 events):
Event: 10.412 Thread 0x0000000019bf5800 Exception <a 'java/lang/ClassNotFoundException': org/gradle/api/DefaultTaskCustomizer> (0x00000000e01fb258) thrown at [D:\src\AOSP-openjdk-cygwin\jdk8u\hotspot\src\share\vm\classfile\systemDictionary.cpp, line 210]
Event: 10.413 Thread 0x0000000019bf5800 Exception <a 'java/lang/ClassNotFoundException': org/gradle/api/internal/ConventionTaskCustomizer> (0x00000000e0234c18) thrown at [D:\src\AOSP-openjdk-cygwin\jdk8u\hotspot\src\share\vm\classfile\systemDictionary.cpp, line 210]
Event: 10.415 Thread 0x0000000019bf5800 Exception <a 'java/lang/ClassNotFoundException': org/gradle/api/tasks/DeleteCustomizer> (0x00000000e026c490) thrown at [D:\src\AOSP-openjdk-cygwin\jdk8u\hotspot\src\share\vm\classfile\systemDictionary.cpp, line 210]
Event: 10.417 Thread 0x0000000019bf5800 Exception <a 'java/lang/ClassNotFoundException': org/gradle/api/tasks/Delete_DecoratedCustomizer> (0x00000000e02b16f8) thrown at [D:\src\AOSP-openjdk-cygwin\jdk8u\hotspot\src\share\vm\classfile\systemDictionary.cpp, line 210]
Event: 10.514 Thread 0x0000000019bf5800 Exception <a 'java/lang/ClassNotFoundException': build_dbxkfuu38ik7ggrwg41w3fz18BeanInfo> (0x00000000e03c07d8) thrown at [D:\src\AOSP-openjdk-cygwin\jdk8u\hotspot\src\share\vm\classfile\systemDictionary.cpp, line 210]
Event: 10.514 Thread 0x0000000019bf5800 Exception <a 'java/lang/ClassNotFoundException': build_dbxkfuu38ik7ggrwg41w3fz18Customizer> (0x00000000e03cacb8) thrown at [D:\src\AOSP-openjdk-cygwin\jdk8u\hotspot\src\share\vm\classfile\systemDictionary.cpp, line 210]
Event: 10.528 Thread 0x0000000019bf5800 Exception <a 'java/lang/ClassNotFoundException': org/gradle/api/internal/plugins/DefaultObjectConfigurationActionBeanInfo> (0x00000000e0457e60) thrown at [D:\src\AOSP-openjdk-cygwin\jdk8u\hotspot\src\share\vm\classfile\systemDictionary.cpp, line 210]
Event: 10.529 Thread 0x0000000019bf5800 Exception <a 'java/lang/ClassNotFoundException': org/gradle/api/internal/plugins/DefaultObjectConfigurationActionCustomizer> (0x00000000e048e360) thrown at [D:\src\AOSP-openjdk-cygwin\jdk8u\hotspot\src\share\vm\classfile\systemDictionary.cpp, line 210]
Event: 11.483 Thread 0x0000000019bf5800 Exception <a 'sun/nio/fs/WindowsException'> (0x00000000e1373320) thrown at [D:\src\AOSP-openjdk-cygwin\jdk8u\hotspot\src\share\vm\prims\jni.cpp, line 709]
Event: 12.339 Thread 0x0000000019bf5800 Exception <a 'sun/nio/fs/WindowsException'> (0x00000000e04d5020) thrown at [D:\src\AOSP-openjdk-cygwin\jdk8u\hotspot\src\share\vm\prims\jni.cpp, line 709]

Events (10 events):
Event: 12.784 loading class org/apache/tools/ant/types/Reference
Event: 12.784 loading class org/apache/tools/ant/types/Reference done
Event: 12.785 loading class org/apache/tools/ant/Location
Event: 12.785 loading class org/apache/tools/ant/Location done
Event: 12.791 loading class org/apache/tools/ant/input/InputRequest
Event: 12.791 loading class org/apache/tools/ant/input/InputRequest done
Event: 12.796 loading class org/apache/tools/ant/taskdefs/condition/Condition
Event: 12.796 loading class org/apache/tools/ant/taskdefs/condition/Condition done
Event: 12.821 loading class org/gradle/api/artifacts/type/ArtifactTypeDefinition
Event: 12.821 loading class org/gradle/api/artifacts/type/ArtifactTypeDefinition done


Dynamic libraries:
0x00007ff71bc40000 - 0x00007ff71bc71000 	C:\Program Files\Android\Android Studio1\jre\bin\java.exe
0x00007ffc06420000 - 0x00007ffc06601000 	C:\WINDOWS\SYSTEM32\ntdll.dll
0x00007ffc05cf0000 - 0x00007ffc05da2000 	C:\WINDOWS\System32\KERNEL32.DLL
0x00007ffc02b30000 - 0x00007ffc02da3000 	C:\WINDOWS\System32\KERNELBASE.dll
0x00007ffc06300000 - 0x00007ffc063a1000 	C:\WINDOWS\System32\ADVAPI32.dll
0x00007ffc05a60000 - 0x00007ffc05afe000 	C:\WINDOWS\System32\msvcrt.dll
0x00007ffc05e60000 - 0x00007ffc05ebb000 	C:\WINDOWS\System32\sechost.dll
0x00007ffc05850000 - 0x00007ffc05974000 	C:\WINDOWS\System32\RPCRT4.dll
0x00007ffc06020000 - 0x00007ffc061b0000 	C:\WINDOWS\System32\USER32.dll
0x00007ffc02ab0000 - 0x00007ffc02ad0000 	C:\WINDOWS\System32\win32u.dll
0x00007ffc05cc0000 - 0x00007ffc05ce8000 	C:\WINDOWS\System32\GDI32.dll
0x00007ffc02db0000 - 0x00007ffc02f42000 	C:\WINDOWS\System32\gdi32full.dll
0x00007ffc03050000 - 0x00007ffc030ef000 	C:\WINDOWS\System32\msvcp_win.dll
0x00007ffc027c0000 - 0x00007ffc028ba000 	C:\WINDOWS\System32\ucrtbase.dll
0x00007ffbf3ba0000 - 0x00007ffbf3e09000 	C:\WINDOWS\WinSxS\amd64_microsoft.windows.common-controls_6595b64144ccf1df_6.0.17134.165_none_fb429645306569ac\COMCTL32.dll
0x00007ffc03a20000 - 0x00007ffc03d43000 	C:\WINDOWS\System32\combase.dll
0x00007ffc03800000 - 0x00007ffc0387a000 	C:\WINDOWS\System32\bcryptPrimitives.dll
0x00007ffc05c90000 - 0x00007ffc05cbd000 	C:\WINDOWS\System32\IMM32.DLL
0x0000000054090000 - 0x0000000054162000 	C:\Program Files\Android\Android Studio1\jre\jre\bin\msvcr100.dll
0x0000000054170000 - 0x00000000549af000 	C:\Program Files\Android\Android Studio1\jre\jre\bin\server\jvm.dll
0x00007ffc05c80000 - 0x00007ffc05c88000 	C:\WINDOWS\System32\PSAPI.DLL
0x00007ffbf4fa0000 - 0x00007ffbf4faa000 	C:\WINDOWS\SYSTEM32\VERSION.dll
0x00007ffbff510000 - 0x00007ffbff519000 	C:\WINDOWS\SYSTEM32\WSOCK32.dll
0x00007ffc06210000 - 0x00007ffc0627c000 	C:\WINDOWS\System32\WS2_32.dll
0x00007ffbff2e0000 - 0x00007ffbff303000 	C:\WINDOWS\SYSTEM32\WINMM.dll
0x00007ffbff2b0000 - 0x00007ffbff2da000 	C:\WINDOWS\SYSTEM32\WINMMBASE.dll
0x00007ffc03000000 - 0x00007ffc03049000 	C:\WINDOWS\System32\cfgmgr32.dll
0x00007ffbfe3e0000 - 0x00007ffbfe3ef000 	C:\Program Files\Android\Android Studio1\jre\jre\bin\verify.dll
0x00007ffbfa170000 - 0x00007ffbfa199000 	C:\Program Files\Android\Android Studio1\jre\jre\bin\java.dll
0x00007ffbfcfa0000 - 0x00007ffbfcfb6000 	C:\Program Files\Android\Android Studio1\jre\jre\bin\zip.dll
0x00007ffc03d50000 - 0x00007ffc05190000 	C:\WINDOWS\System32\SHELL32.dll
0x00007ffc05db0000 - 0x00007ffc05e59000 	C:\WINDOWS\System32\shcore.dll
0x00007ffc030f0000 - 0x00007ffc037fd000 	C:\WINDOWS\System32\windows.storage.dll
0x00007ffc05bc0000 - 0x00007ffc05c11000 	C:\WINDOWS\System32\shlwapi.dll
0x00007ffc02780000 - 0x00007ffc02791000 	C:\WINDOWS\System32\kernel.appcore.dll
0x00007ffc027a0000 - 0x00007ffc027bf000 	C:\WINDOWS\System32\profapi.dll
0x00007ffc02730000 - 0x00007ffc0277c000 	C:\WINDOWS\System32\powrprof.dll
0x00007ffc02720000 - 0x00007ffc0272a000 	C:\WINDOWS\System32\FLTLIB.DLL
0x00007ffbfc170000 - 0x00007ffbfc18a000 	C:\Program Files\Android\Android Studio1\jre\jre\bin\net.dll
0x00007ffc01f80000 - 0x00007ffc01fe6000 	C:\WINDOWS\system32\mswsock.dll
0x00007ffbf7250000 - 0x00007ffbf7261000 	C:\Program Files\Android\Android Studio1\jre\jre\bin\nio.dll
0x00007ffbff350000 - 0x00007ffbff36e000 	C:\Users\lenovo\.gradle\native\25\windows-amd64\native-platform.dll
0x00007ffbfe3d0000 - 0x00007ffbfe3dd000 	C:\Program Files\Android\Android Studio1\jre\jre\bin\management.dll
0x00007ffc02130000 - 0x00007ffc02147000 	C:\WINDOWS\SYSTEM32\CRYPTSP.dll
0x00007ffc01b60000 - 0x00007ffc01b93000 	C:\WINDOWS\system32\rsaenh.dll
0x00007ffc02260000 - 0x00007ffc02285000 	C:\WINDOWS\SYSTEM32\bcrypt.dll
0x00007ffc02630000 - 0x00007ffc02658000 	C:\WINDOWS\SYSTEM32\USERENV.dll
0x00007ffc02150000 - 0x00007ffc0215b000 	C:\WINDOWS\SYSTEM32\CRYPTBASE.dll
0x00007ffc01d00000 - 0x00007ffc01d38000 	C:\WINDOWS\SYSTEM32\IPHLPAPI.DLL
0x00007ffc063b0000 - 0x00007ffc063b8000 	C:\WINDOWS\System32\NSI.dll
0x00007ffbf9b40000 - 0x00007ffbf9b56000 	C:\WINDOWS\SYSTEM32\dhcpcsvc6.DLL
0x00007ffbf9b20000 - 0x00007ffbf9b3a000 	C:\WINDOWS\SYSTEM32\dhcpcsvc.DLL

VM Arguments:
jvm_args: -Xmx1536m -Dfile.encoding=windows-1252 -Duser.country=IN -Duser.language=en -Duser.variant 
java_command: org.gradle.launcher.daemon.bootstrap.GradleDaemon 4.4
java_class_path (initial): C:\Users\lenovo\.gradle\wrapper\dists\gradle-4.4-all\9br9xq1tocpiv8o6njlyu5op1\gradle-4.4\lib\gradle-launcher-4.4.jar
Launcher Type: SUN_STANDARD

Environment Variables:
PATH=C:\Program Files (x86)\Common Files\Oracle\Java\javapath;C:\ProgramData\Anaconda2;C:\ProgramData\Anaconda2\Library\mingw-w64\bin;C:\ProgramData\Anaconda2\Library\usr\bin;C:\ProgramData\Anaconda2\Library\bin;C:\ProgramData\Anaconda2\Scripts;C:\ProgramData\Oracle\Java\javapath;C:\WINDOWS\system32;C:\WINDOWS;C:\WINDOWS\System32\Wbem;C:\WINDOWS\System32\WindowsPowerShell\v1.0\;C:\Program Files (x86)\Java\jdk1.8.0_05\bin;C:\Program Files (x86)\Common Files\lenovo\easyplussdk\bin;C:\Program Files\MySQL\MySQL Server 5.1\bin;C:\WINDOWS\System32\OpenSSH\;C:\Program Files\Microsoft VS Code\bin;C:\Program Files\Git\cmd;C:\Program Files\nodejs\;C:\Users\lenovo\AppData\Local\Programs\Python\Python36\Scripts\;C:\Users\lenovo\AppData\Local\Programs\Python\Python36\;C:\Users\lenovo\AppData\Local\Microsoft\WindowsApps;;C:\Program Files\Microsoft VS Code\bin;C:\Users\lenovo\AppData\Roaming\npm
USERNAME=lenovo
OS=Windows_NT
PROCESSOR_IDENTIFIER=Intel64 Family 6 Model 78 Stepping 3, GenuineIntel



---------------  S Y S T E M  ---------------

OS: Windows 10.0 , 64 bit Build 17134 (10.0.17134.1)

CPU:total 4 (initial active 4) (2 cores per cpu, 2 threads per core) family 6 model 78 stepping 3, cmov, cx8, fxsr, mmx, sse, sse2, sse3, ssse3, sse4.1, sse4.2, popcnt, avx, avx2, aes, clmul, erms, 3dnowpref, lzcnt, ht, tsc, tscinvbit, bmi1, bmi2, adx

Memory: 4k page, physical 4050944k(376208k free), swap 6098944k(2552k free)

vm_info: OpenJDK 64-Bit Server VM (25.152-b02) for windows-amd64 JRE (1.8.0_152-release-1024-b02), built by "builder" with MS VC++ 10.0 (VS2010)

time: Mon Jul 16 21:50:03 2018
elapsed time: 12 seconds (0d 0h 0m 12s)

